<?xml version="1.0" encoding="UTF-8"?>
<testsuite xmlns:xsi="http://www.w3.org/2001/XMLSchema-instance" xsi:noNamespaceSchemaLocation="https://maven.apache.org/surefire/maven-surefire-plugin/xsd/surefire-test-report-3.0.xsd" version="3.0" name="edu.tcu.cs.monnigmeteoritecatalog.sample.SampleControllerTest" time="5.121" tests="8" errors="0" skipped="0" failures="0">
  <properties>
    <property name="java.specification.version" value="21"/>
    <property name="sun.jnu.encoding" value="UTF-8"/>
    <property name="java.class.path" value="/home/carson/IdeaProjects/monnig-meteorite-catalog/target/test-classes:/home/carson/IdeaProjects/monnig-meteorite-catalog/target/classes:/home/carson/.m2/repository/org/springframework/boot/spring-boot-starter-data-jpa/3.2.4/spring-boot-starter-data-jpa-3.2.4.jar:/home/carson/.m2/repository/org/springframework/boot/spring-boot-starter-aop/3.2.4/spring-boot-starter-aop-3.2.4.jar:/home/carson/.m2/repository/org/aspectj/aspectjweaver/1.9.21/aspectjweaver-1.9.21.jar:/home/carson/.m2/repository/org/springframework/boot/spring-boot-starter-jdbc/3.2.4/spring-boot-starter-jdbc-3.2.4.jar:/home/carson/.m2/repository/com/zaxxer/HikariCP/5.0.1/HikariCP-5.0.1.jar:/home/carson/.m2/repository/org/springframework/spring-jdbc/6.1.5/spring-jdbc-6.1.5.jar:/home/carson/.m2/repository/org/hibernate/orm/hibernate-core/6.4.4.Final/hibernate-core-6.4.4.Final.jar:/home/carson/.m2/repository/jakarta/persistence/jakarta.persistence-api/3.1.0/jakarta.persistence-api-3.1.0.jar:/home/carson/.m2/repository/jakarta/transaction/jakarta.transaction-api/2.0.1/jakarta.transaction-api-2.0.1.jar:/home/carson/.m2/repository/org/jboss/logging/jboss-logging/3.5.3.Final/jboss-logging-3.5.3.Final.jar:/home/carson/.m2/repository/org/hibernate/common/hibernate-commons-annotations/6.0.6.Final/hibernate-commons-annotations-6.0.6.Final.jar:/home/carson/.m2/repository/io/smallrye/jandex/3.1.2/jandex-3.1.2.jar:/home/carson/.m2/repository/com/fasterxml/classmate/1.6.0/classmate-1.6.0.jar:/home/carson/.m2/repository/net/bytebuddy/byte-buddy/1.14.12/byte-buddy-1.14.12.jar:/home/carson/.m2/repository/org/glassfish/jaxb/jaxb-runtime/4.0.5/jaxb-runtime-4.0.5.jar:/home/carson/.m2/repository/org/glassfish/jaxb/jaxb-core/4.0.5/jaxb-core-4.0.5.jar:/home/carson/.m2/repository/org/eclipse/angus/angus-activation/2.0.2/angus-activation-2.0.2.jar:/home/carson/.m2/repository/org/glassfish/jaxb/txw2/4.0.5/txw2-4.0.5.jar:/home/carson/.m2/repository/com/sun/istack/istack-commons-runtime/4.1.2/istack-commons-runtime-4.1.2.jar:/home/carson/.m2/repository/jakarta/inject/jakarta.inject-api/2.0.1/jakarta.inject-api-2.0.1.jar:/home/carson/.m2/repository/org/antlr/antlr4-runtime/4.13.0/antlr4-runtime-4.13.0.jar:/home/carson/.m2/repository/org/springframework/data/spring-data-jpa/3.2.4/spring-data-jpa-3.2.4.jar:/home/carson/.m2/repository/org/springframework/data/spring-data-commons/3.2.4/spring-data-commons-3.2.4.jar:/home/carson/.m2/repository/org/springframework/spring-orm/6.1.5/spring-orm-6.1.5.jar:/home/carson/.m2/repository/org/springframework/spring-context/6.1.5/spring-context-6.1.5.jar:/home/carson/.m2/repository/org/springframework/spring-tx/6.1.5/spring-tx-6.1.5.jar:/home/carson/.m2/repository/org/springframework/spring-beans/6.1.5/spring-beans-6.1.5.jar:/home/carson/.m2/repository/jakarta/annotation/jakarta.annotation-api/2.1.1/jakarta.annotation-api-2.1.1.jar:/home/carson/.m2/repository/org/slf4j/slf4j-api/2.0.12/slf4j-api-2.0.12.jar:/home/carson/.m2/repository/org/springframework/spring-aspects/6.1.5/spring-aspects-6.1.5.jar:/home/carson/.m2/repository/org/springframework/boot/spring-boot-starter-web/3.2.4/spring-boot-starter-web-3.2.4.jar:/home/carson/.m2/repository/org/springframework/boot/spring-boot-starter/3.2.4/spring-boot-starter-3.2.4.jar:/home/carson/.m2/repository/org/springframework/boot/spring-boot-starter-logging/3.2.4/spring-boot-starter-logging-3.2.4.jar:/home/carson/.m2/repository/ch/qos/logback/logback-classic/1.4.14/logback-classic-1.4.14.jar:/home/carson/.m2/repository/ch/qos/logback/logback-core/1.4.14/logback-core-1.4.14.jar:/home/carson/.m2/repository/org/apache/logging/log4j/log4j-to-slf4j/2.21.1/log4j-to-slf4j-2.21.1.jar:/home/carson/.m2/repository/org/apache/logging/log4j/log4j-api/2.21.1/log4j-api-2.21.1.jar:/home/carson/.m2/repository/org/slf4j/jul-to-slf4j/2.0.12/jul-to-slf4j-2.0.12.jar:/home/carson/.m2/repository/org/yaml/snakeyaml/2.2/snakeyaml-2.2.jar:/home/carson/.m2/repository/org/springframework/boot/spring-boot-starter-json/3.2.4/spring-boot-starter-json-3.2.4.jar:/home/carson/.m2/repository/com/fasterxml/jackson/core/jackson-databind/2.15.4/jackson-databind-2.15.4.jar:/home/carson/.m2/repository/com/fasterxml/jackson/core/jackson-annotations/2.15.4/jackson-annotations-2.15.4.jar:/home/carson/.m2/repository/com/fasterxml/jackson/core/jackson-core/2.15.4/jackson-core-2.15.4.jar:/home/carson/.m2/repository/com/fasterxml/jackson/datatype/jackson-datatype-jdk8/2.15.4/jackson-datatype-jdk8-2.15.4.jar:/home/carson/.m2/repository/com/fasterxml/jackson/datatype/jackson-datatype-jsr310/2.15.4/jackson-datatype-jsr310-2.15.4.jar:/home/carson/.m2/repository/com/fasterxml/jackson/module/jackson-module-parameter-names/2.15.4/jackson-module-parameter-names-2.15.4.jar:/home/carson/.m2/repository/org/springframework/boot/spring-boot-starter-tomcat/3.2.4/spring-boot-starter-tomcat-3.2.4.jar:/home/carson/.m2/repository/org/apache/tomcat/embed/tomcat-embed-core/10.1.19/tomcat-embed-core-10.1.19.jar:/home/carson/.m2/repository/org/apache/tomcat/embed/tomcat-embed-websocket/10.1.19/tomcat-embed-websocket-10.1.19.jar:/home/carson/.m2/repository/org/springframework/spring-web/6.1.5/spring-web-6.1.5.jar:/home/carson/.m2/repository/io/micrometer/micrometer-observation/1.12.4/micrometer-observation-1.12.4.jar:/home/carson/.m2/repository/io/micrometer/micrometer-commons/1.12.4/micrometer-commons-1.12.4.jar:/home/carson/.m2/repository/org/springframework/spring-webmvc/6.1.5/spring-webmvc-6.1.5.jar:/home/carson/.m2/repository/org/springframework/spring-expression/6.1.5/spring-expression-6.1.5.jar:/home/carson/.m2/repository/org/springframework/boot/spring-boot-devtools/3.2.4/spring-boot-devtools-3.2.4.jar:/home/carson/.m2/repository/org/springframework/boot/spring-boot/3.2.4/spring-boot-3.2.4.jar:/home/carson/.m2/repository/org/springframework/boot/spring-boot-autoconfigure/3.2.4/spring-boot-autoconfigure-3.2.4.jar:/home/carson/.m2/repository/com/h2database/h2/2.2.224/h2-2.2.224.jar:/home/carson/.m2/repository/org/springframework/boot/spring-boot-starter-test/3.2.4/spring-boot-starter-test-3.2.4.jar:/home/carson/.m2/repository/org/springframework/boot/spring-boot-test/3.2.4/spring-boot-test-3.2.4.jar:/home/carson/.m2/repository/org/springframework/boot/spring-boot-test-autoconfigure/3.2.4/spring-boot-test-autoconfigure-3.2.4.jar:/home/carson/.m2/repository/com/jayway/jsonpath/json-path/2.9.0/json-path-2.9.0.jar:/home/carson/.m2/repository/jakarta/xml/bind/jakarta.xml.bind-api/4.0.2/jakarta.xml.bind-api-4.0.2.jar:/home/carson/.m2/repository/jakarta/activation/jakarta.activation-api/2.1.3/jakarta.activation-api-2.1.3.jar:/home/carson/.m2/repository/net/minidev/json-smart/2.5.0/json-smart-2.5.0.jar:/home/carson/.m2/repository/net/minidev/accessors-smart/2.5.0/accessors-smart-2.5.0.jar:/home/carson/.m2/repository/org/ow2/asm/asm/9.3/asm-9.3.jar:/home/carson/.m2/repository/org/assertj/assertj-core/3.24.2/assertj-core-3.24.2.jar:/home/carson/.m2/repository/org/awaitility/awaitility/4.2.0/awaitility-4.2.0.jar:/home/carson/.m2/repository/org/hamcrest/hamcrest/2.2/hamcrest-2.2.jar:/home/carson/.m2/repository/org/junit/jupiter/junit-jupiter/5.10.2/junit-jupiter-5.10.2.jar:/home/carson/.m2/repository/org/junit/jupiter/junit-jupiter-api/5.10.2/junit-jupiter-api-5.10.2.jar:/home/carson/.m2/repository/org/opentest4j/opentest4j/1.3.0/opentest4j-1.3.0.jar:/home/carson/.m2/repository/org/junit/platform/junit-platform-commons/1.10.2/junit-platform-commons-1.10.2.jar:/home/carson/.m2/repository/org/apiguardian/apiguardian-api/1.1.2/apiguardian-api-1.1.2.jar:/home/carson/.m2/repository/org/junit/jupiter/junit-jupiter-params/5.10.2/junit-jupiter-params-5.10.2.jar:/home/carson/.m2/repository/org/junit/jupiter/junit-jupiter-engine/5.10.2/junit-jupiter-engine-5.10.2.jar:/home/carson/.m2/repository/org/junit/platform/junit-platform-engine/1.10.2/junit-platform-engine-1.10.2.jar:/home/carson/.m2/repository/org/mockito/mockito-core/5.7.0/mockito-core-5.7.0.jar:/home/carson/.m2/repository/net/bytebuddy/byte-buddy-agent/1.14.12/byte-buddy-agent-1.14.12.jar:/home/carson/.m2/repository/org/objenesis/objenesis/3.3/objenesis-3.3.jar:/home/carson/.m2/repository/org/mockito/mockito-junit-jupiter/5.7.0/mockito-junit-jupiter-5.7.0.jar:/home/carson/.m2/repository/org/skyscreamer/jsonassert/1.5.1/jsonassert-1.5.1.jar:/home/carson/.m2/repository/com/vaadin/external/google/android-json/0.0.20131108.vaadin1/android-json-0.0.20131108.vaadin1.jar:/home/carson/.m2/repository/org/springframework/spring-core/6.1.5/spring-core-6.1.5.jar:/home/carson/.m2/repository/org/springframework/spring-jcl/6.1.5/spring-jcl-6.1.5.jar:/home/carson/.m2/repository/org/springframework/spring-test/6.1.5/spring-test-6.1.5.jar:/home/carson/.m2/repository/org/xmlunit/xmlunit-core/2.9.1/xmlunit-core-2.9.1.jar:/home/carson/.m2/repository/org/springframework/boot/spring-boot-starter-validation/3.2.5/spring-boot-starter-validation-3.2.5.jar:/home/carson/.m2/repository/org/apache/tomcat/embed/tomcat-embed-el/10.1.19/tomcat-embed-el-10.1.19.jar:/home/carson/.m2/repository/org/hibernate/validator/hibernate-validator/8.0.1.Final/hibernate-validator-8.0.1.Final.jar:/home/carson/.m2/repository/jakarta/validation/jakarta.validation-api/3.0.2/jakarta.validation-api-3.0.2.jar:/home/carson/.m2/repository/org/springframework/boot/spring-boot-starter-security/3.2.5/spring-boot-starter-security-3.2.5.jar:/home/carson/.m2/repository/org/springframework/spring-aop/6.1.5/spring-aop-6.1.5.jar:/home/carson/.m2/repository/org/springframework/security/spring-security-config/6.2.3/spring-security-config-6.2.3.jar:/home/carson/.m2/repository/org/springframework/security/spring-security-web/6.2.3/spring-security-web-6.2.3.jar:/home/carson/.m2/repository/org/springframework/boot/spring-boot-starter-oauth2-resource-server/3.2.4/spring-boot-starter-oauth2-resource-server-3.2.4.jar:/home/carson/.m2/repository/org/springframework/security/spring-security-core/6.2.3/spring-security-core-6.2.3.jar:/home/carson/.m2/repository/org/springframework/security/spring-security-crypto/6.2.3/spring-security-crypto-6.2.3.jar:/home/carson/.m2/repository/org/springframework/security/spring-security-oauth2-resource-server/6.2.3/spring-security-oauth2-resource-server-6.2.3.jar:/home/carson/.m2/repository/org/springframework/security/spring-security-oauth2-core/6.2.3/spring-security-oauth2-core-6.2.3.jar:/home/carson/.m2/repository/org/springframework/security/spring-security-oauth2-jose/6.2.3/spring-security-oauth2-jose-6.2.3.jar:/home/carson/.m2/repository/com/nimbusds/nimbus-jose-jwt/9.24.4/nimbus-jose-jwt-9.24.4.jar:/home/carson/.m2/repository/com/github/stephenc/jcip/jcip-annotations/1.0-1/jcip-annotations-1.0-1.jar:"/>
    <property name="java.vm.vendor" value="Private Build"/>
    <property name="sun.arch.data.model" value="64"/>
    <property name="java.vendor.url" value="Unknown"/>
    <property name="user.timezone" value="America/Chicago"/>
    <property name="org.jboss.logging.provider" value="slf4j"/>
    <property name="os.name" value="Linux"/>
    <property name="java.vm.specification.version" value="21"/>
    <property name="sun.java.launcher" value="SUN_STANDARD"/>
    <property name="user.country" value="US"/>
    <property name="sun.boot.library.path" value="/usr/lib/jvm/java-21-openjdk-amd64/lib"/>
    <property name="sun.java.command" value="/home/carson/IdeaProjects/monnig-meteorite-catalog/target/surefire/surefirebooter-20240502220742320_3.jar /home/carson/IdeaProjects/monnig-meteorite-catalog/target/surefire 2024-05-02T22-07-42_260-jvmRun1 surefire-20240502220742320_1tmp surefire_0-20240502220742320_2tmp"/>
    <property name="jdk.debug" value="release"/>
    <property name="surefire.test.class.path" value="/home/carson/IdeaProjects/monnig-meteorite-catalog/target/test-classes:/home/carson/IdeaProjects/monnig-meteorite-catalog/target/classes:/home/carson/.m2/repository/org/springframework/boot/spring-boot-starter-data-jpa/3.2.4/spring-boot-starter-data-jpa-3.2.4.jar:/home/carson/.m2/repository/org/springframework/boot/spring-boot-starter-aop/3.2.4/spring-boot-starter-aop-3.2.4.jar:/home/carson/.m2/repository/org/aspectj/aspectjweaver/1.9.21/aspectjweaver-1.9.21.jar:/home/carson/.m2/repository/org/springframework/boot/spring-boot-starter-jdbc/3.2.4/spring-boot-starter-jdbc-3.2.4.jar:/home/carson/.m2/repository/com/zaxxer/HikariCP/5.0.1/HikariCP-5.0.1.jar:/home/carson/.m2/repository/org/springframework/spring-jdbc/6.1.5/spring-jdbc-6.1.5.jar:/home/carson/.m2/repository/org/hibernate/orm/hibernate-core/6.4.4.Final/hibernate-core-6.4.4.Final.jar:/home/carson/.m2/repository/jakarta/persistence/jakarta.persistence-api/3.1.0/jakarta.persistence-api-3.1.0.jar:/home/carson/.m2/repository/jakarta/transaction/jakarta.transaction-api/2.0.1/jakarta.transaction-api-2.0.1.jar:/home/carson/.m2/repository/org/jboss/logging/jboss-logging/3.5.3.Final/jboss-logging-3.5.3.Final.jar:/home/carson/.m2/repository/org/hibernate/common/hibernate-commons-annotations/6.0.6.Final/hibernate-commons-annotations-6.0.6.Final.jar:/home/carson/.m2/repository/io/smallrye/jandex/3.1.2/jandex-3.1.2.jar:/home/carson/.m2/repository/com/fasterxml/classmate/1.6.0/classmate-1.6.0.jar:/home/carson/.m2/repository/net/bytebuddy/byte-buddy/1.14.12/byte-buddy-1.14.12.jar:/home/carson/.m2/repository/org/glassfish/jaxb/jaxb-runtime/4.0.5/jaxb-runtime-4.0.5.jar:/home/carson/.m2/repository/org/glassfish/jaxb/jaxb-core/4.0.5/jaxb-core-4.0.5.jar:/home/carson/.m2/repository/org/eclipse/angus/angus-activation/2.0.2/angus-activation-2.0.2.jar:/home/carson/.m2/repository/org/glassfish/jaxb/txw2/4.0.5/txw2-4.0.5.jar:/home/carson/.m2/repository/com/sun/istack/istack-commons-runtime/4.1.2/istack-commons-runtime-4.1.2.jar:/home/carson/.m2/repository/jakarta/inject/jakarta.inject-api/2.0.1/jakarta.inject-api-2.0.1.jar:/home/carson/.m2/repository/org/antlr/antlr4-runtime/4.13.0/antlr4-runtime-4.13.0.jar:/home/carson/.m2/repository/org/springframework/data/spring-data-jpa/3.2.4/spring-data-jpa-3.2.4.jar:/home/carson/.m2/repository/org/springframework/data/spring-data-commons/3.2.4/spring-data-commons-3.2.4.jar:/home/carson/.m2/repository/org/springframework/spring-orm/6.1.5/spring-orm-6.1.5.jar:/home/carson/.m2/repository/org/springframework/spring-context/6.1.5/spring-context-6.1.5.jar:/home/carson/.m2/repository/org/springframework/spring-tx/6.1.5/spring-tx-6.1.5.jar:/home/carson/.m2/repository/org/springframework/spring-beans/6.1.5/spring-beans-6.1.5.jar:/home/carson/.m2/repository/jakarta/annotation/jakarta.annotation-api/2.1.1/jakarta.annotation-api-2.1.1.jar:/home/carson/.m2/repository/org/slf4j/slf4j-api/2.0.12/slf4j-api-2.0.12.jar:/home/carson/.m2/repository/org/springframework/spring-aspects/6.1.5/spring-aspects-6.1.5.jar:/home/carson/.m2/repository/org/springframework/boot/spring-boot-starter-web/3.2.4/spring-boot-starter-web-3.2.4.jar:/home/carson/.m2/repository/org/springframework/boot/spring-boot-starter/3.2.4/spring-boot-starter-3.2.4.jar:/home/carson/.m2/repository/org/springframework/boot/spring-boot-starter-logging/3.2.4/spring-boot-starter-logging-3.2.4.jar:/home/carson/.m2/repository/ch/qos/logback/logback-classic/1.4.14/logback-classic-1.4.14.jar:/home/carson/.m2/repository/ch/qos/logback/logback-core/1.4.14/logback-core-1.4.14.jar:/home/carson/.m2/repository/org/apache/logging/log4j/log4j-to-slf4j/2.21.1/log4j-to-slf4j-2.21.1.jar:/home/carson/.m2/repository/org/apache/logging/log4j/log4j-api/2.21.1/log4j-api-2.21.1.jar:/home/carson/.m2/repository/org/slf4j/jul-to-slf4j/2.0.12/jul-to-slf4j-2.0.12.jar:/home/carson/.m2/repository/org/yaml/snakeyaml/2.2/snakeyaml-2.2.jar:/home/carson/.m2/repository/org/springframework/boot/spring-boot-starter-json/3.2.4/spring-boot-starter-json-3.2.4.jar:/home/carson/.m2/repository/com/fasterxml/jackson/core/jackson-databind/2.15.4/jackson-databind-2.15.4.jar:/home/carson/.m2/repository/com/fasterxml/jackson/core/jackson-annotations/2.15.4/jackson-annotations-2.15.4.jar:/home/carson/.m2/repository/com/fasterxml/jackson/core/jackson-core/2.15.4/jackson-core-2.15.4.jar:/home/carson/.m2/repository/com/fasterxml/jackson/datatype/jackson-datatype-jdk8/2.15.4/jackson-datatype-jdk8-2.15.4.jar:/home/carson/.m2/repository/com/fasterxml/jackson/datatype/jackson-datatype-jsr310/2.15.4/jackson-datatype-jsr310-2.15.4.jar:/home/carson/.m2/repository/com/fasterxml/jackson/module/jackson-module-parameter-names/2.15.4/jackson-module-parameter-names-2.15.4.jar:/home/carson/.m2/repository/org/springframework/boot/spring-boot-starter-tomcat/3.2.4/spring-boot-starter-tomcat-3.2.4.jar:/home/carson/.m2/repository/org/apache/tomcat/embed/tomcat-embed-core/10.1.19/tomcat-embed-core-10.1.19.jar:/home/carson/.m2/repository/org/apache/tomcat/embed/tomcat-embed-websocket/10.1.19/tomcat-embed-websocket-10.1.19.jar:/home/carson/.m2/repository/org/springframework/spring-web/6.1.5/spring-web-6.1.5.jar:/home/carson/.m2/repository/io/micrometer/micrometer-observation/1.12.4/micrometer-observation-1.12.4.jar:/home/carson/.m2/repository/io/micrometer/micrometer-commons/1.12.4/micrometer-commons-1.12.4.jar:/home/carson/.m2/repository/org/springframework/spring-webmvc/6.1.5/spring-webmvc-6.1.5.jar:/home/carson/.m2/repository/org/springframework/spring-expression/6.1.5/spring-expression-6.1.5.jar:/home/carson/.m2/repository/org/springframework/boot/spring-boot-devtools/3.2.4/spring-boot-devtools-3.2.4.jar:/home/carson/.m2/repository/org/springframework/boot/spring-boot/3.2.4/spring-boot-3.2.4.jar:/home/carson/.m2/repository/org/springframework/boot/spring-boot-autoconfigure/3.2.4/spring-boot-autoconfigure-3.2.4.jar:/home/carson/.m2/repository/com/h2database/h2/2.2.224/h2-2.2.224.jar:/home/carson/.m2/repository/org/springframework/boot/spring-boot-starter-test/3.2.4/spring-boot-starter-test-3.2.4.jar:/home/carson/.m2/repository/org/springframework/boot/spring-boot-test/3.2.4/spring-boot-test-3.2.4.jar:/home/carson/.m2/repository/org/springframework/boot/spring-boot-test-autoconfigure/3.2.4/spring-boot-test-autoconfigure-3.2.4.jar:/home/carson/.m2/repository/com/jayway/jsonpath/json-path/2.9.0/json-path-2.9.0.jar:/home/carson/.m2/repository/jakarta/xml/bind/jakarta.xml.bind-api/4.0.2/jakarta.xml.bind-api-4.0.2.jar:/home/carson/.m2/repository/jakarta/activation/jakarta.activation-api/2.1.3/jakarta.activation-api-2.1.3.jar:/home/carson/.m2/repository/net/minidev/json-smart/2.5.0/json-smart-2.5.0.jar:/home/carson/.m2/repository/net/minidev/accessors-smart/2.5.0/accessors-smart-2.5.0.jar:/home/carson/.m2/repository/org/ow2/asm/asm/9.3/asm-9.3.jar:/home/carson/.m2/repository/org/assertj/assertj-core/3.24.2/assertj-core-3.24.2.jar:/home/carson/.m2/repository/org/awaitility/awaitility/4.2.0/awaitility-4.2.0.jar:/home/carson/.m2/repository/org/hamcrest/hamcrest/2.2/hamcrest-2.2.jar:/home/carson/.m2/repository/org/junit/jupiter/junit-jupiter/5.10.2/junit-jupiter-5.10.2.jar:/home/carson/.m2/repository/org/junit/jupiter/junit-jupiter-api/5.10.2/junit-jupiter-api-5.10.2.jar:/home/carson/.m2/repository/org/opentest4j/opentest4j/1.3.0/opentest4j-1.3.0.jar:/home/carson/.m2/repository/org/junit/platform/junit-platform-commons/1.10.2/junit-platform-commons-1.10.2.jar:/home/carson/.m2/repository/org/apiguardian/apiguardian-api/1.1.2/apiguardian-api-1.1.2.jar:/home/carson/.m2/repository/org/junit/jupiter/junit-jupiter-params/5.10.2/junit-jupiter-params-5.10.2.jar:/home/carson/.m2/repository/org/junit/jupiter/junit-jupiter-engine/5.10.2/junit-jupiter-engine-5.10.2.jar:/home/carson/.m2/repository/org/junit/platform/junit-platform-engine/1.10.2/junit-platform-engine-1.10.2.jar:/home/carson/.m2/repository/org/mockito/mockito-core/5.7.0/mockito-core-5.7.0.jar:/home/carson/.m2/repository/net/bytebuddy/byte-buddy-agent/1.14.12/byte-buddy-agent-1.14.12.jar:/home/carson/.m2/repository/org/objenesis/objenesis/3.3/objenesis-3.3.jar:/home/carson/.m2/repository/org/mockito/mockito-junit-jupiter/5.7.0/mockito-junit-jupiter-5.7.0.jar:/home/carson/.m2/repository/org/skyscreamer/jsonassert/1.5.1/jsonassert-1.5.1.jar:/home/carson/.m2/repository/com/vaadin/external/google/android-json/0.0.20131108.vaadin1/android-json-0.0.20131108.vaadin1.jar:/home/carson/.m2/repository/org/springframework/spring-core/6.1.5/spring-core-6.1.5.jar:/home/carson/.m2/repository/org/springframework/spring-jcl/6.1.5/spring-jcl-6.1.5.jar:/home/carson/.m2/repository/org/springframework/spring-test/6.1.5/spring-test-6.1.5.jar:/home/carson/.m2/repository/org/xmlunit/xmlunit-core/2.9.1/xmlunit-core-2.9.1.jar:/home/carson/.m2/repository/org/springframework/boot/spring-boot-starter-validation/3.2.5/spring-boot-starter-validation-3.2.5.jar:/home/carson/.m2/repository/org/apache/tomcat/embed/tomcat-embed-el/10.1.19/tomcat-embed-el-10.1.19.jar:/home/carson/.m2/repository/org/hibernate/validator/hibernate-validator/8.0.1.Final/hibernate-validator-8.0.1.Final.jar:/home/carson/.m2/repository/jakarta/validation/jakarta.validation-api/3.0.2/jakarta.validation-api-3.0.2.jar:/home/carson/.m2/repository/org/springframework/boot/spring-boot-starter-security/3.2.5/spring-boot-starter-security-3.2.5.jar:/home/carson/.m2/repository/org/springframework/spring-aop/6.1.5/spring-aop-6.1.5.jar:/home/carson/.m2/repository/org/springframework/security/spring-security-config/6.2.3/spring-security-config-6.2.3.jar:/home/carson/.m2/repository/org/springframework/security/spring-security-web/6.2.3/spring-security-web-6.2.3.jar:/home/carson/.m2/repository/org/springframework/boot/spring-boot-starter-oauth2-resource-server/3.2.4/spring-boot-starter-oauth2-resource-server-3.2.4.jar:/home/carson/.m2/repository/org/springframework/security/spring-security-core/6.2.3/spring-security-core-6.2.3.jar:/home/carson/.m2/repository/org/springframework/security/spring-security-crypto/6.2.3/spring-security-crypto-6.2.3.jar:/home/carson/.m2/repository/org/springframework/security/spring-security-oauth2-resource-server/6.2.3/spring-security-oauth2-resource-server-6.2.3.jar:/home/carson/.m2/repository/org/springframework/security/spring-security-oauth2-core/6.2.3/spring-security-oauth2-core-6.2.3.jar:/home/carson/.m2/repository/org/springframework/security/spring-security-oauth2-jose/6.2.3/spring-security-oauth2-jose-6.2.3.jar:/home/carson/.m2/repository/com/nimbusds/nimbus-jose-jwt/9.24.4/nimbus-jose-jwt-9.24.4.jar:/home/carson/.m2/repository/com/github/stephenc/jcip/jcip-annotations/1.0-1/jcip-annotations-1.0-1.jar:"/>
    <property name="sun.cpu.endian" value="little"/>
    <property name="user.home" value="/home/carson"/>
    <property name="user.language" value="en"/>
    <property name="java.specification.vendor" value="Oracle Corporation"/>
    <property name="java.version.date" value="2024-01-16"/>
    <property name="java.home" value="/usr/lib/jvm/java-21-openjdk-amd64"/>
    <property name="file.separator" value="/"/>
    <property name="basedir" value="/home/carson/IdeaProjects/monnig-meteorite-catalog"/>
    <property name="java.vm.compressedOopsMode" value="Zero based"/>
    <property name="line.separator" value="&#10;"/>
    <property name="java.specification.name" value="Java Platform API Specification"/>
    <property name="java.vm.specification.vendor" value="Oracle Corporation"/>
    <property name="FILE_LOG_CHARSET" value="UTF-8"/>
    <property name="java.awt.headless" value="true"/>
    <property name="surefire.real.class.path" value="/home/carson/IdeaProjects/monnig-meteorite-catalog/target/surefire/surefirebooter-20240502220742320_3.jar"/>
    <property name="sun.management.compiler" value="HotSpot 64-Bit Tiered Compilers"/>
    <property name="java.runtime.version" value="21.0.2+13-Ubuntu-122.04.1"/>
    <property name="user.name" value="carson"/>
    <property name="stdout.encoding" value="UTF-8"/>
    <property name="path.separator" value=":"/>
    <property name="os.version" value="5.15.0-105-generic"/>
    <property name="java.runtime.name" value="OpenJDK Runtime Environment"/>
    <property name="file.encoding" value="UTF-8"/>
    <property name="java.vm.name" value="OpenJDK 64-Bit Server VM"/>
    <property name="localRepository" value="/home/carson/.m2/repository"/>
    <property name="java.vendor.url.bug" value="Unknown"/>
    <property name="java.io.tmpdir" value="/tmp"/>
    <property name="idea.version" value="2024.1"/>
    <property name="com.zaxxer.hikari.pool_number" value="1"/>
    <property name="java.version" value="21.0.2"/>
    <property name="user.dir" value="/home/carson/IdeaProjects/monnig-meteorite-catalog"/>
    <property name="os.arch" value="amd64"/>
    <property name="java.vm.specification.name" value="Java Virtual Machine Specification"/>
    <property name="PID" value="35207"/>
    <property name="CONSOLE_LOG_CHARSET" value="UTF-8"/>
    <property name="native.encoding" value="UTF-8"/>
    <property name="java.library.path" value="/usr/java/packages/lib:/usr/lib/x86_64-linux-gnu/jni:/lib/x86_64-linux-gnu:/usr/lib/x86_64-linux-gnu:/usr/lib/jni:/lib:/usr/lib"/>
    <property name="java.vm.info" value="mixed mode, sharing"/>
    <property name="stderr.encoding" value="UTF-8"/>
    <property name="java.vendor" value="Private Build"/>
    <property name="java.vm.version" value="21.0.2+13-Ubuntu-122.04.1"/>
    <property name="sun.io.unicode.encoding" value="UnicodeLittle"/>
    <property name="java.class.version" value="65.0"/>
    <property name="LOGGED_APPLICATION_NAME" value="[monnig-meteorite-catalog] "/>
  </properties>
  <testcase name="testAddSampleSuccess" classname="edu.tcu.cs.monnigmeteoritecatalog.sample.SampleControllerTest" time="0.152">
    <system-out><![CDATA[22:07:44.092 [main] INFO org.springframework.test.context.support.AnnotationConfigContextLoaderUtils -- Could not detect default configuration classes for test class [edu.tcu.cs.monnigmeteoritecatalog.sample.SampleControllerTest]: SampleControllerTest does not declare any static, non-private, non-final, nested classes annotated with @Configuration.
22:07:44.202 [main] INFO org.springframework.boot.test.context.SpringBootTestContextBootstrapper -- Found @SpringBootConfiguration edu.tcu.cs.monnigmeteoritecatalog.MonnigMeteoriteCatalogApplication for test class edu.tcu.cs.monnigmeteoritecatalog.sample.SampleControllerTest
22:07:44.304 [main] INFO org.springframework.boot.devtools.restart.RestartApplicationListener -- Restart disabled due to context in which it is running

  .   ____          _            __ _ _
 /\\ / ___'_ __ _ _(_)_ __  __ _ \ \ \ \
( ( )\___ | '_ | '_| | '_ \/ _` | \ \ \ \
 \\/  ___)| |_)| | | | | || (_| |  ) ) ) )
  '  |____| .__|_| |_|_| |_\__, | / / / /
 =========|_|==============|___/=/_/_/_/
 :: Spring Boot ::                (v3.2.4)

2024-05-02T22:07:44.524-05:00  INFO 35207 --- [monnig-meteorite-catalog] [           main] e.t.c.m.sample.SampleControllerTest      : Starting SampleControllerTest using Java 21.0.2 with PID 35207 (started by carson in /home/carson/IdeaProjects/monnig-meteorite-catalog)
2024-05-02T22:07:44.526-05:00  INFO 35207 --- [monnig-meteorite-catalog] [           main] e.t.c.m.sample.SampleControllerTest      : No active profile set, falling back to 1 default profile: "default"
2024-05-02T22:07:45.131-05:00  INFO 35207 --- [monnig-meteorite-catalog] [           main] .s.d.r.c.RepositoryConfigurationDelegate : Bootstrapping Spring Data JPA repositories in DEFAULT mode.
2024-05-02T22:07:45.176-05:00  INFO 35207 --- [monnig-meteorite-catalog] [           main] .s.d.r.c.RepositoryConfigurationDelegate : Finished Spring Data repository scanning in 40 ms. Found 4 JPA repository interfaces.
2024-05-02T22:07:45.579-05:00  INFO 35207 --- [monnig-meteorite-catalog] [           main] com.zaxxer.hikari.HikariDataSource       : HikariPool-1 - Starting...
2024-05-02T22:07:45.727-05:00  INFO 35207 --- [monnig-meteorite-catalog] [           main] com.zaxxer.hikari.pool.HikariPool        : HikariPool-1 - Added connection conn0: url=jdbc:h2:mem:monnig user=SA
2024-05-02T22:07:45.728-05:00  INFO 35207 --- [monnig-meteorite-catalog] [           main] com.zaxxer.hikari.HikariDataSource       : HikariPool-1 - Start completed.
2024-05-02T22:07:45.761-05:00  INFO 35207 --- [monnig-meteorite-catalog] [           main] o.hibernate.jpa.internal.util.LogHelper  : HHH000204: Processing PersistenceUnitInfo [name: default]
2024-05-02T22:07:45.801-05:00  INFO 35207 --- [monnig-meteorite-catalog] [           main] org.hibernate.Version                    : HHH000412: Hibernate ORM core version 6.4.4.Final
2024-05-02T22:07:45.825-05:00  INFO 35207 --- [monnig-meteorite-catalog] [           main] o.h.c.internal.RegionFactoryInitiator    : HHH000026: Second-level cache disabled
2024-05-02T22:07:45.903-05:00  INFO 35207 --- [monnig-meteorite-catalog] [           main] o.s.o.j.p.SpringPersistenceUnitInfo      : No LoadTimeWeaver setup: ignoring JPA class transformer
2024-05-02T22:07:46.620-05:00  INFO 35207 --- [monnig-meteorite-catalog] [           main] o.h.e.t.j.p.i.JtaPlatformInitiator       : HHH000489: No JTA platform available (set 'hibernate.transaction.jta.platform' to enable JTA platform integration)
Hibernate: drop table if exists entry cascade 
Hibernate: drop table if exists loan cascade 
Hibernate: drop table if exists loan_samples_on_loan cascade 
Hibernate: drop table if exists monnig_user cascade 
Hibernate: drop table if exists sample cascade 
Hibernate: drop table if exists sample_images cascade 
Hibernate: drop sequence if exists monnig_user_seq
Hibernate: create sequence monnig_user_seq start with 1 increment by 50
Hibernate: create table entry (category varchar(255), date varchar(255), entry_id varchar(255) not null, notes varchar(255), sample_sample_id varchar(255), primary key (entry_id))
Hibernate: create table loan (is_archived boolean not null, loan_due_date varchar(255), loan_id varchar(255) not null, loan_notes varchar(255), loan_start_date varchar(255), loanee_address varchar(255), loanee_email varchar(255), loanee_institution varchar(255), loanee_name varchar(255), primary key (loan_id))
Hibernate: create table loan_samples_on_loan (loan_loan_id varchar(255) not null, samples_on_loan varchar(255))
Hibernate: create table monnig_user (enabled boolean not null, id integer not null, password varchar(255), roles varchar(255), username varchar(255), primary key (id))
Hibernate: create table sample (is_educational boolean not null, is_repository boolean not null, sample_weight_g float(24) not null, total_known_weight_num float(24) not null, additional_class_info varchar(255), clan varchar(255), country varchar(255), date_found_day varchar(255), date_found_hour varchar(255), date_found_month varchar(255), date_found_year varchar(255), external_resources varchar(255), found_info varchar(255), loan_loan_id varchar(255), location varchar(255), monnig_number varchar(255), name varchar(255), sample_class varchar(255), sample_format varchar(255), sample_group varchar(255), sample_id varchar(255) not null, total_know_weight_units varchar(255), type varchar(255), primary key (sample_id))
Hibernate: create table sample_images (images varbinary(255), sample_sample_id varchar(255) not null)
Hibernate: alter table if exists entry add constraint FKj0q9d044vignts1ke1sjm9hj foreign key (sample_sample_id) references sample
Hibernate: alter table if exists loan_samples_on_loan add constraint FK2xlatk0btwg48qygko0pjn0b5 foreign key (loan_loan_id) references loan
Hibernate: alter table if exists sample add constraint FKl03h0qiv9je1bwaprxngfxuva foreign key (loan_loan_id) references loan
Hibernate: alter table if exists sample_images add constraint FKhe6meyou3mjsukuwn1f7ik13u foreign key (sample_sample_id) references sample
2024-05-02T22:07:46.656-05:00  INFO 35207 --- [monnig-meteorite-catalog] [           main] j.LocalContainerEntityManagerFactoryBean : Initialized JPA EntityManagerFactory for persistence unit 'default'
2024-05-02T22:07:46.937-05:00  INFO 35207 --- [monnig-meteorite-catalog] [           main] o.s.d.j.r.query.QueryEnhancerFactory     : Hibernate is in classpath; If applicable, HQL parser will be used.
2024-05-02T22:07:47.399-05:00  WARN 35207 --- [monnig-meteorite-catalog] [           main] JpaBaseConfiguration$JpaWebConfiguration : spring.jpa.open-in-view is enabled by default. Therefore, database queries may be performed during view rendering. Explicitly configure spring.jpa.open-in-view to disable this warning
2024-05-02T22:07:47.963-05:00  INFO 35207 --- [monnig-meteorite-catalog] [           main] o.s.s.web.DefaultSecurityFilterChain     : Will secure any request with [org.springframework.security.web.session.DisableEncodeUrlFilter@221b4175, org.springframework.security.web.context.request.async.WebAsyncManagerIntegrationFilter@58ae3cb, org.springframework.security.web.context.SecurityContextHolderFilter@42c661d4, org.springframework.web.filter.CorsFilter@42af751f, org.springframework.security.web.authentication.logout.LogoutFilter@302e3484, org.springframework.security.oauth2.server.resource.web.authentication.BearerTokenAuthenticationFilter@5002fc11, org.springframework.security.web.authentication.www.BasicAuthenticationFilter@7b9866c6, org.springframework.security.web.savedrequest.RequestCacheAwareFilter@dffa7ce, org.springframework.security.web.servletapi.SecurityContextHolderAwareRequestFilter@2fcc32ae, org.springframework.security.web.authentication.AnonymousAuthenticationFilter@477b8d7d, org.springframework.security.web.session.SessionManagementFilter@6e530ccc, org.springframework.security.web.access.ExceptionTranslationFilter@6497bc28, org.springframework.security.web.access.intercept.AuthorizationFilter@5408854f]
2024-05-02T22:07:48.189-05:00  INFO 35207 --- [monnig-meteorite-catalog] [           main] o.s.b.t.m.w.SpringBootMockServletContext : Initializing Spring TestDispatcherServlet ''
2024-05-02T22:07:48.189-05:00  INFO 35207 --- [monnig-meteorite-catalog] [           main] o.s.t.web.servlet.TestDispatcherServlet  : Initializing Servlet ''
2024-05-02T22:07:48.191-05:00  INFO 35207 --- [monnig-meteorite-catalog] [           main] o.s.t.web.servlet.TestDispatcherServlet  : Completed initialization in 2 ms
2024-05-02T22:07:48.209-05:00  INFO 35207 --- [monnig-meteorite-catalog] [           main] e.t.c.m.sample.SampleControllerTest      : Started SampleControllerTest in 3.912 seconds (process running for 5.839)
Hibernate: select s1_0.sample_id,s1_0.additional_class_info,s1_0.clan,s1_0.country,s1_0.date_found_day,s1_0.date_found_hour,s1_0.date_found_month,s1_0.date_found_year,s1_0.external_resources,s1_0.found_info,s1_0.is_educational,s1_0.is_repository,l1_0.loan_id,l1_0.is_archived,l1_0.loan_due_date,l1_0.loan_notes,l1_0.loan_start_date,l1_0.loanee_address,l1_0.loanee_email,l1_0.loanee_institution,l1_0.loanee_name,s1_0.location,s1_0.monnig_number,s1_0.name,s1_0.sample_class,s1_0.sample_format,s1_0.sample_group,s1_0.sample_weight_g,s1_0.total_know_weight_units,s1_0.total_known_weight_num,s1_0.type,s2_0.sample_sample_id,s2_0.entry_id,s2_0.category,s2_0.date,s2_0.notes from sample s1_0 left join loan l1_0 on l1_0.loan_id=s1_0.loan_loan_id left join entry s2_0 on s1_0.sample_id=s2_0.sample_sample_id where s1_0.sample_id=?
Hibernate: select e1_0.entry_id,e1_0.category,e1_0.date,e1_0.notes,s1_0.sample_id,s1_0.additional_class_info,s1_0.clan,s1_0.country,s1_0.date_found_day,s1_0.date_found_hour,s1_0.date_found_month,s1_0.date_found_year,s1_0.external_resources,s1_0.found_info,s1_0.is_educational,s1_0.is_repository,l1_0.loan_id,l1_0.is_archived,l1_0.loan_due_date,l1_0.loan_notes,l1_0.loan_start_date,l1_0.loanee_address,l1_0.loanee_email,l1_0.loanee_institution,l1_0.loanee_name,s1_0.location,s1_0.monnig_number,s1_0.name,s1_0.sample_class,s1_0.sample_format,s1_0.sample_group,s1_0.sample_weight_g,s1_0.total_know_weight_units,s1_0.total_known_weight_num,s1_0.type from entry e1_0 left join sample s1_0 on s1_0.sample_id=e1_0.sample_sample_id left join loan l1_0 on l1_0.loan_id=s1_0.loan_loan_id where e1_0.entry_id=?
Hibernate: insert into sample (additional_class_info,clan,country,date_found_day,date_found_hour,date_found_month,date_found_year,external_resources,found_info,is_educational,is_repository,loan_loan_id,location,monnig_number,name,sample_class,sample_format,sample_group,sample_weight_g,total_know_weight_units,total_known_weight_num,type,sample_id) values (?,?,?,?,?,?,?,?,?,?,?,?,?,?,?,?,?,?,?,?,?,?,?)
Hibernate: insert into entry (category,date,notes,sample_sample_id,entry_id) values (?,?,?,?,?)
Hibernate: select s1_0.sample_id,s1_0.additional_class_info,s1_0.clan,s1_0.country,s1_0.date_found_day,s1_0.date_found_hour,s1_0.date_found_month,s1_0.date_found_year,s1_0.external_resources,s1_0.found_info,s1_0.is_educational,s1_0.is_repository,l1_0.loan_id,l1_0.is_archived,l1_0.loan_due_date,l1_0.loan_notes,l1_0.loan_start_date,l1_0.loanee_address,l1_0.loanee_email,l1_0.loanee_institution,l1_0.loanee_name,s1_0.location,s1_0.monnig_number,s1_0.name,s1_0.sample_class,s1_0.sample_format,s1_0.sample_group,s1_0.sample_weight_g,s1_0.total_know_weight_units,s1_0.total_known_weight_num,s1_0.type,s2_0.sample_sample_id,s2_0.entry_id,s2_0.category,s2_0.date,s2_0.notes from sample s1_0 left join loan l1_0 on l1_0.loan_id=s1_0.loan_loan_id left join entry s2_0 on s1_0.sample_id=s2_0.sample_sample_id where s1_0.sample_id=?
Hibernate: select e1_0.entry_id,e1_0.category,e1_0.date,e1_0.notes,s1_0.sample_id,s1_0.additional_class_info,s1_0.clan,s1_0.country,s1_0.date_found_day,s1_0.date_found_hour,s1_0.date_found_month,s1_0.date_found_year,s1_0.external_resources,s1_0.found_info,s1_0.is_educational,s1_0.is_repository,l1_0.loan_id,l1_0.is_archived,l1_0.loan_due_date,l1_0.loan_notes,l1_0.loan_start_date,l1_0.loanee_address,l1_0.loanee_email,l1_0.loanee_institution,l1_0.loanee_name,s1_0.location,s1_0.monnig_number,s1_0.name,s1_0.sample_class,s1_0.sample_format,s1_0.sample_group,s1_0.sample_weight_g,s1_0.total_know_weight_units,s1_0.total_known_weight_num,s1_0.type from entry e1_0 left join sample s1_0 on s1_0.sample_id=e1_0.sample_sample_id left join loan l1_0 on l1_0.loan_id=s1_0.loan_loan_id where e1_0.entry_id=?
Hibernate: insert into sample (additional_class_info,clan,country,date_found_day,date_found_hour,date_found_month,date_found_year,external_resources,found_info,is_educational,is_repository,loan_loan_id,location,monnig_number,name,sample_class,sample_format,sample_group,sample_weight_g,total_know_weight_units,total_known_weight_num,type,sample_id) values (?,?,?,?,?,?,?,?,?,?,?,?,?,?,?,?,?,?,?,?,?,?,?)
Hibernate: insert into entry (category,date,notes,sample_sample_id,entry_id) values (?,?,?,?,?)
Hibernate: select l1_0.loan_id,l1_0.is_archived,l1_0.loan_due_date,l1_0.loan_notes,l1_0.loan_start_date,l1_0.loanee_address,l1_0.loanee_email,l1_0.loanee_institution,l1_0.loanee_name from loan l1_0 where l1_0.loan_id=?
Hibernate: insert into loan (is_archived,loan_due_date,loan_notes,loan_start_date,loanee_address,loanee_email,loanee_institution,loanee_name,loan_id) values (?,?,?,?,?,?,?,?,?)
Hibernate: select l1_0.loan_id,l1_0.is_archived,l1_0.loan_due_date,l1_0.loan_notes,l1_0.loan_start_date,l1_0.loanee_address,l1_0.loanee_email,l1_0.loanee_institution,l1_0.loanee_name from loan l1_0 where l1_0.loan_id=?
Hibernate: insert into loan (is_archived,loan_due_date,loan_notes,loan_start_date,loanee_address,loanee_email,loanee_institution,loanee_name,loan_id) values (?,?,?,?,?,?,?,?,?)
Hibernate: select next value for monnig_user_seq
Hibernate: insert into monnig_user (enabled,password,roles,username,id) values (?,?,?,?,?)
Hibernate: select next value for monnig_user_seq
Hibernate: insert into monnig_user (enabled,password,roles,username,id) values (?,?,?,?,?)
]]></system-out>
  </testcase>
  <testcase name="testSampleFindByIdNotFound" classname="edu.tcu.cs.monnigmeteoritecatalog.sample.SampleControllerTest" time="0.014"/>
  <testcase name="testSampleFindAllSuccess" classname="edu.tcu.cs.monnigmeteoritecatalog.sample.SampleControllerTest" time="0.011"/>
  <testcase name="testDeleteSampleSuccess" classname="edu.tcu.cs.monnigmeteoritecatalog.sample.SampleControllerTest" time="0.005"/>
  <testcase name="testUpdateSampleErrorWithNonExistentId" classname="edu.tcu.cs.monnigmeteoritecatalog.sample.SampleControllerTest" time="0.007"/>
  <testcase name="testUpdateSampleSuccess" classname="edu.tcu.cs.monnigmeteoritecatalog.sample.SampleControllerTest" time="0.006"/>
  <testcase name="testSampleFindByIdSuccess" classname="edu.tcu.cs.monnigmeteoritecatalog.sample.SampleControllerTest" time="0.008"/>
  <testcase name="testDeleteSampleErrorWithNonExistentId" classname="edu.tcu.cs.monnigmeteoritecatalog.sample.SampleControllerTest" time="0.005"/>
</testsuite>