<?xml version="1.0" encoding="UTF-8"?>
<testsuite xmlns:xsi="http://www.w3.org/2001/XMLSchema-instance" xsi:noNamespaceSchemaLocation="https://maven.apache.org/surefire/maven-surefire-plugin/xsd/surefire-test-report-3.0.xsd" version="3.0" name="edu.tcu.cs.monnigmeteoritecatalog.MonnigMeteoriteCatalogApplicationTests" time="1.447" tests="1" errors="0" skipped="0" failures="0">
  <properties>
    <property name="java.specification.version" value="22"/>
    <property name="sun.jnu.encoding" value="UTF-8"/>
    <property name="java.class.path" value="/home/carson/IdeaProjects/monnig-meteorite-catalog/target/test-classes:/home/carson/IdeaProjects/monnig-meteorite-catalog/target/classes:/home/carson/.m2/repository/org/springframework/boot/spring-boot-starter-data-jpa/3.2.4/spring-boot-starter-data-jpa-3.2.4.jar:/home/carson/.m2/repository/org/springframework/boot/spring-boot-starter-aop/3.2.4/spring-boot-starter-aop-3.2.4.jar:/home/carson/.m2/repository/org/aspectj/aspectjweaver/1.9.21/aspectjweaver-1.9.21.jar:/home/carson/.m2/repository/org/springframework/boot/spring-boot-starter-jdbc/3.2.4/spring-boot-starter-jdbc-3.2.4.jar:/home/carson/.m2/repository/com/zaxxer/HikariCP/5.0.1/HikariCP-5.0.1.jar:/home/carson/.m2/repository/org/springframework/spring-jdbc/6.1.5/spring-jdbc-6.1.5.jar:/home/carson/.m2/repository/org/hibernate/orm/hibernate-core/6.4.4.Final/hibernate-core-6.4.4.Final.jar:/home/carson/.m2/repository/jakarta/persistence/jakarta.persistence-api/3.1.0/jakarta.persistence-api-3.1.0.jar:/home/carson/.m2/repository/jakarta/transaction/jakarta.transaction-api/2.0.1/jakarta.transaction-api-2.0.1.jar:/home/carson/.m2/repository/org/jboss/logging/jboss-logging/3.5.3.Final/jboss-logging-3.5.3.Final.jar:/home/carson/.m2/repository/org/hibernate/common/hibernate-commons-annotations/6.0.6.Final/hibernate-commons-annotations-6.0.6.Final.jar:/home/carson/.m2/repository/io/smallrye/jandex/3.1.2/jandex-3.1.2.jar:/home/carson/.m2/repository/com/fasterxml/classmate/1.6.0/classmate-1.6.0.jar:/home/carson/.m2/repository/net/bytebuddy/byte-buddy/1.14.12/byte-buddy-1.14.12.jar:/home/carson/.m2/repository/org/glassfish/jaxb/jaxb-runtime/4.0.5/jaxb-runtime-4.0.5.jar:/home/carson/.m2/repository/org/glassfish/jaxb/jaxb-core/4.0.5/jaxb-core-4.0.5.jar:/home/carson/.m2/repository/org/eclipse/angus/angus-activation/2.0.2/angus-activation-2.0.2.jar:/home/carson/.m2/repository/org/glassfish/jaxb/txw2/4.0.5/txw2-4.0.5.jar:/home/carson/.m2/repository/com/sun/istack/istack-commons-runtime/4.1.2/istack-commons-runtime-4.1.2.jar:/home/carson/.m2/repository/jakarta/inject/jakarta.inject-api/2.0.1/jakarta.inject-api-2.0.1.jar:/home/carson/.m2/repository/org/antlr/antlr4-runtime/4.13.0/antlr4-runtime-4.13.0.jar:/home/carson/.m2/repository/org/springframework/data/spring-data-jpa/3.2.4/spring-data-jpa-3.2.4.jar:/home/carson/.m2/repository/org/springframework/data/spring-data-commons/3.2.4/spring-data-commons-3.2.4.jar:/home/carson/.m2/repository/org/springframework/spring-orm/6.1.5/spring-orm-6.1.5.jar:/home/carson/.m2/repository/org/springframework/spring-context/6.1.5/spring-context-6.1.5.jar:/home/carson/.m2/repository/org/springframework/spring-tx/6.1.5/spring-tx-6.1.5.jar:/home/carson/.m2/repository/org/springframework/spring-beans/6.1.5/spring-beans-6.1.5.jar:/home/carson/.m2/repository/jakarta/annotation/jakarta.annotation-api/2.1.1/jakarta.annotation-api-2.1.1.jar:/home/carson/.m2/repository/org/slf4j/slf4j-api/2.0.12/slf4j-api-2.0.12.jar:/home/carson/.m2/repository/org/springframework/spring-aspects/6.1.5/spring-aspects-6.1.5.jar:/home/carson/.m2/repository/org/springframework/boot/spring-boot-starter-web/3.2.4/spring-boot-starter-web-3.2.4.jar:/home/carson/.m2/repository/org/springframework/boot/spring-boot-starter/3.2.4/spring-boot-starter-3.2.4.jar:/home/carson/.m2/repository/org/springframework/boot/spring-boot-starter-logging/3.2.4/spring-boot-starter-logging-3.2.4.jar:/home/carson/.m2/repository/ch/qos/logback/logback-classic/1.4.14/logback-classic-1.4.14.jar:/home/carson/.m2/repository/ch/qos/logback/logback-core/1.4.14/logback-core-1.4.14.jar:/home/carson/.m2/repository/org/apache/logging/log4j/log4j-to-slf4j/2.21.1/log4j-to-slf4j-2.21.1.jar:/home/carson/.m2/repository/org/apache/logging/log4j/log4j-api/2.21.1/log4j-api-2.21.1.jar:/home/carson/.m2/repository/org/slf4j/jul-to-slf4j/2.0.12/jul-to-slf4j-2.0.12.jar:/home/carson/.m2/repository/org/yaml/snakeyaml/2.2/snakeyaml-2.2.jar:/home/carson/.m2/repository/org/springframework/boot/spring-boot-starter-json/3.2.4/spring-boot-starter-json-3.2.4.jar:/home/carson/.m2/repository/com/fasterxml/jackson/core/jackson-databind/2.15.4/jackson-databind-2.15.4.jar:/home/carson/.m2/repository/com/fasterxml/jackson/core/jackson-annotations/2.15.4/jackson-annotations-2.15.4.jar:/home/carson/.m2/repository/com/fasterxml/jackson/core/jackson-core/2.15.4/jackson-core-2.15.4.jar:/home/carson/.m2/repository/com/fasterxml/jackson/datatype/jackson-datatype-jdk8/2.15.4/jackson-datatype-jdk8-2.15.4.jar:/home/carson/.m2/repository/com/fasterxml/jackson/datatype/jackson-datatype-jsr310/2.15.4/jackson-datatype-jsr310-2.15.4.jar:/home/carson/.m2/repository/com/fasterxml/jackson/module/jackson-module-parameter-names/2.15.4/jackson-module-parameter-names-2.15.4.jar:/home/carson/.m2/repository/org/springframework/boot/spring-boot-starter-tomcat/3.2.4/spring-boot-starter-tomcat-3.2.4.jar:/home/carson/.m2/repository/org/apache/tomcat/embed/tomcat-embed-core/10.1.19/tomcat-embed-core-10.1.19.jar:/home/carson/.m2/repository/org/apache/tomcat/embed/tomcat-embed-websocket/10.1.19/tomcat-embed-websocket-10.1.19.jar:/home/carson/.m2/repository/org/springframework/spring-web/6.1.5/spring-web-6.1.5.jar:/home/carson/.m2/repository/io/micrometer/micrometer-observation/1.12.4/micrometer-observation-1.12.4.jar:/home/carson/.m2/repository/io/micrometer/micrometer-commons/1.12.4/micrometer-commons-1.12.4.jar:/home/carson/.m2/repository/org/springframework/spring-webmvc/6.1.5/spring-webmvc-6.1.5.jar:/home/carson/.m2/repository/org/springframework/spring-expression/6.1.5/spring-expression-6.1.5.jar:/home/carson/.m2/repository/org/springframework/boot/spring-boot-devtools/3.2.4/spring-boot-devtools-3.2.4.jar:/home/carson/.m2/repository/org/springframework/boot/spring-boot/3.2.4/spring-boot-3.2.4.jar:/home/carson/.m2/repository/org/springframework/boot/spring-boot-autoconfigure/3.2.4/spring-boot-autoconfigure-3.2.4.jar:/home/carson/.m2/repository/com/h2database/h2/2.2.224/h2-2.2.224.jar:/home/carson/.m2/repository/org/springframework/boot/spring-boot-starter-test/3.2.4/spring-boot-starter-test-3.2.4.jar:/home/carson/.m2/repository/org/springframework/boot/spring-boot-test/3.2.4/spring-boot-test-3.2.4.jar:/home/carson/.m2/repository/org/springframework/boot/spring-boot-test-autoconfigure/3.2.4/spring-boot-test-autoconfigure-3.2.4.jar:/home/carson/.m2/repository/com/jayway/jsonpath/json-path/2.9.0/json-path-2.9.0.jar:/home/carson/.m2/repository/jakarta/xml/bind/jakarta.xml.bind-api/4.0.2/jakarta.xml.bind-api-4.0.2.jar:/home/carson/.m2/repository/jakarta/activation/jakarta.activation-api/2.1.3/jakarta.activation-api-2.1.3.jar:/home/carson/.m2/repository/net/minidev/json-smart/2.5.0/json-smart-2.5.0.jar:/home/carson/.m2/repository/net/minidev/accessors-smart/2.5.0/accessors-smart-2.5.0.jar:/home/carson/.m2/repository/org/ow2/asm/asm/9.3/asm-9.3.jar:/home/carson/.m2/repository/org/assertj/assertj-core/3.24.2/assertj-core-3.24.2.jar:/home/carson/.m2/repository/org/awaitility/awaitility/4.2.0/awaitility-4.2.0.jar:/home/carson/.m2/repository/org/hamcrest/hamcrest/2.2/hamcrest-2.2.jar:/home/carson/.m2/repository/org/junit/jupiter/junit-jupiter/5.10.2/junit-jupiter-5.10.2.jar:/home/carson/.m2/repository/org/junit/jupiter/junit-jupiter-api/5.10.2/junit-jupiter-api-5.10.2.jar:/home/carson/.m2/repository/org/opentest4j/opentest4j/1.3.0/opentest4j-1.3.0.jar:/home/carson/.m2/repository/org/junit/platform/junit-platform-commons/1.10.2/junit-platform-commons-1.10.2.jar:/home/carson/.m2/repository/org/apiguardian/apiguardian-api/1.1.2/apiguardian-api-1.1.2.jar:/home/carson/.m2/repository/org/junit/jupiter/junit-jupiter-params/5.10.2/junit-jupiter-params-5.10.2.jar:/home/carson/.m2/repository/org/junit/jupiter/junit-jupiter-engine/5.10.2/junit-jupiter-engine-5.10.2.jar:/home/carson/.m2/repository/org/junit/platform/junit-platform-engine/1.10.2/junit-platform-engine-1.10.2.jar:/home/carson/.m2/repository/org/mockito/mockito-core/5.7.0/mockito-core-5.7.0.jar:/home/carson/.m2/repository/net/bytebuddy/byte-buddy-agent/1.14.12/byte-buddy-agent-1.14.12.jar:/home/carson/.m2/repository/org/objenesis/objenesis/3.3/objenesis-3.3.jar:/home/carson/.m2/repository/org/mockito/mockito-junit-jupiter/5.7.0/mockito-junit-jupiter-5.7.0.jar:/home/carson/.m2/repository/org/skyscreamer/jsonassert/1.5.1/jsonassert-1.5.1.jar:/home/carson/.m2/repository/com/vaadin/external/google/android-json/0.0.20131108.vaadin1/android-json-0.0.20131108.vaadin1.jar:/home/carson/.m2/repository/org/springframework/spring-core/6.1.5/spring-core-6.1.5.jar:/home/carson/.m2/repository/org/springframework/spring-jcl/6.1.5/spring-jcl-6.1.5.jar:/home/carson/.m2/repository/org/springframework/spring-test/6.1.5/spring-test-6.1.5.jar:/home/carson/.m2/repository/org/xmlunit/xmlunit-core/2.9.1/xmlunit-core-2.9.1.jar:/home/carson/.m2/repository/org/springframework/boot/spring-boot-starter-validation/3.2.5/spring-boot-starter-validation-3.2.5.jar:/home/carson/.m2/repository/org/apache/tomcat/embed/tomcat-embed-el/10.1.19/tomcat-embed-el-10.1.19.jar:/home/carson/.m2/repository/org/hibernate/validator/hibernate-validator/8.0.1.Final/hibernate-validator-8.0.1.Final.jar:/home/carson/.m2/repository/jakarta/validation/jakarta.validation-api/3.0.2/jakarta.validation-api-3.0.2.jar:/home/carson/.m2/repository/org/springframework/boot/spring-boot-starter-security/3.2.5/spring-boot-starter-security-3.2.5.jar:/home/carson/.m2/repository/org/springframework/spring-aop/6.1.5/spring-aop-6.1.5.jar:/home/carson/.m2/repository/org/springframework/security/spring-security-config/6.2.3/spring-security-config-6.2.3.jar:/home/carson/.m2/repository/org/springframework/security/spring-security-web/6.2.3/spring-security-web-6.2.3.jar:/home/carson/.m2/repository/org/springframework/boot/spring-boot-starter-oauth2-resource-server/3.2.4/spring-boot-starter-oauth2-resource-server-3.2.4.jar:/home/carson/.m2/repository/org/springframework/security/spring-security-core/6.2.3/spring-security-core-6.2.3.jar:/home/carson/.m2/repository/org/springframework/security/spring-security-crypto/6.2.3/spring-security-crypto-6.2.3.jar:/home/carson/.m2/repository/org/springframework/security/spring-security-oauth2-resource-server/6.2.3/spring-security-oauth2-resource-server-6.2.3.jar:/home/carson/.m2/repository/org/springframework/security/spring-security-oauth2-core/6.2.3/spring-security-oauth2-core-6.2.3.jar:/home/carson/.m2/repository/org/springframework/security/spring-security-oauth2-jose/6.2.3/spring-security-oauth2-jose-6.2.3.jar:/home/carson/.m2/repository/com/nimbusds/nimbus-jose-jwt/9.24.4/nimbus-jose-jwt-9.24.4.jar:/home/carson/.m2/repository/com/github/stephenc/jcip/jcip-annotations/1.0-1/jcip-annotations-1.0-1.jar:"/>
    <property name="java.vm.vendor" value="Oracle Corporation"/>
    <property name="sun.arch.data.model" value="64"/>
    <property name="java.vendor.url" value="https://java.oracle.com/"/>
    <property name="user.timezone" value="America/Chicago"/>
    <property name="org.jboss.logging.provider" value="slf4j"/>
    <property name="os.name" value="Linux"/>
    <property name="java.vm.specification.version" value="22"/>
    <property name="sun.java.launcher" value="SUN_STANDARD"/>
    <property name="user.country" value="US"/>
    <property name="sun.boot.library.path" value="/home/carson/.jdks/openjdk-22.0.1/lib"/>
    <property name="sun.java.command" value="/home/carson/IdeaProjects/monnig-meteorite-catalog/target/surefire/surefirebooter-20240501102726209_3.jar /home/carson/IdeaProjects/monnig-meteorite-catalog/target/surefire 2024-05-01T10-27-26_119-jvmRun1 surefire-20240501102726209_1tmp surefire_0-20240501102726209_2tmp"/>
    <property name="jdk.debug" value="release"/>
    <property name="surefire.test.class.path" value="/home/carson/IdeaProjects/monnig-meteorite-catalog/target/test-classes:/home/carson/IdeaProjects/monnig-meteorite-catalog/target/classes:/home/carson/.m2/repository/org/springframework/boot/spring-boot-starter-data-jpa/3.2.4/spring-boot-starter-data-jpa-3.2.4.jar:/home/carson/.m2/repository/org/springframework/boot/spring-boot-starter-aop/3.2.4/spring-boot-starter-aop-3.2.4.jar:/home/carson/.m2/repository/org/aspectj/aspectjweaver/1.9.21/aspectjweaver-1.9.21.jar:/home/carson/.m2/repository/org/springframework/boot/spring-boot-starter-jdbc/3.2.4/spring-boot-starter-jdbc-3.2.4.jar:/home/carson/.m2/repository/com/zaxxer/HikariCP/5.0.1/HikariCP-5.0.1.jar:/home/carson/.m2/repository/org/springframework/spring-jdbc/6.1.5/spring-jdbc-6.1.5.jar:/home/carson/.m2/repository/org/hibernate/orm/hibernate-core/6.4.4.Final/hibernate-core-6.4.4.Final.jar:/home/carson/.m2/repository/jakarta/persistence/jakarta.persistence-api/3.1.0/jakarta.persistence-api-3.1.0.jar:/home/carson/.m2/repository/jakarta/transaction/jakarta.transaction-api/2.0.1/jakarta.transaction-api-2.0.1.jar:/home/carson/.m2/repository/org/jboss/logging/jboss-logging/3.5.3.Final/jboss-logging-3.5.3.Final.jar:/home/carson/.m2/repository/org/hibernate/common/hibernate-commons-annotations/6.0.6.Final/hibernate-commons-annotations-6.0.6.Final.jar:/home/carson/.m2/repository/io/smallrye/jandex/3.1.2/jandex-3.1.2.jar:/home/carson/.m2/repository/com/fasterxml/classmate/1.6.0/classmate-1.6.0.jar:/home/carson/.m2/repository/net/bytebuddy/byte-buddy/1.14.12/byte-buddy-1.14.12.jar:/home/carson/.m2/repository/org/glassfish/jaxb/jaxb-runtime/4.0.5/jaxb-runtime-4.0.5.jar:/home/carson/.m2/repository/org/glassfish/jaxb/jaxb-core/4.0.5/jaxb-core-4.0.5.jar:/home/carson/.m2/repository/org/eclipse/angus/angus-activation/2.0.2/angus-activation-2.0.2.jar:/home/carson/.m2/repository/org/glassfish/jaxb/txw2/4.0.5/txw2-4.0.5.jar:/home/carson/.m2/repository/com/sun/istack/istack-commons-runtime/4.1.2/istack-commons-runtime-4.1.2.jar:/home/carson/.m2/repository/jakarta/inject/jakarta.inject-api/2.0.1/jakarta.inject-api-2.0.1.jar:/home/carson/.m2/repository/org/antlr/antlr4-runtime/4.13.0/antlr4-runtime-4.13.0.jar:/home/carson/.m2/repository/org/springframework/data/spring-data-jpa/3.2.4/spring-data-jpa-3.2.4.jar:/home/carson/.m2/repository/org/springframework/data/spring-data-commons/3.2.4/spring-data-commons-3.2.4.jar:/home/carson/.m2/repository/org/springframework/spring-orm/6.1.5/spring-orm-6.1.5.jar:/home/carson/.m2/repository/org/springframework/spring-context/6.1.5/spring-context-6.1.5.jar:/home/carson/.m2/repository/org/springframework/spring-tx/6.1.5/spring-tx-6.1.5.jar:/home/carson/.m2/repository/org/springframework/spring-beans/6.1.5/spring-beans-6.1.5.jar:/home/carson/.m2/repository/jakarta/annotation/jakarta.annotation-api/2.1.1/jakarta.annotation-api-2.1.1.jar:/home/carson/.m2/repository/org/slf4j/slf4j-api/2.0.12/slf4j-api-2.0.12.jar:/home/carson/.m2/repository/org/springframework/spring-aspects/6.1.5/spring-aspects-6.1.5.jar:/home/carson/.m2/repository/org/springframework/boot/spring-boot-starter-web/3.2.4/spring-boot-starter-web-3.2.4.jar:/home/carson/.m2/repository/org/springframework/boot/spring-boot-starter/3.2.4/spring-boot-starter-3.2.4.jar:/home/carson/.m2/repository/org/springframework/boot/spring-boot-starter-logging/3.2.4/spring-boot-starter-logging-3.2.4.jar:/home/carson/.m2/repository/ch/qos/logback/logback-classic/1.4.14/logback-classic-1.4.14.jar:/home/carson/.m2/repository/ch/qos/logback/logback-core/1.4.14/logback-core-1.4.14.jar:/home/carson/.m2/repository/org/apache/logging/log4j/log4j-to-slf4j/2.21.1/log4j-to-slf4j-2.21.1.jar:/home/carson/.m2/repository/org/apache/logging/log4j/log4j-api/2.21.1/log4j-api-2.21.1.jar:/home/carson/.m2/repository/org/slf4j/jul-to-slf4j/2.0.12/jul-to-slf4j-2.0.12.jar:/home/carson/.m2/repository/org/yaml/snakeyaml/2.2/snakeyaml-2.2.jar:/home/carson/.m2/repository/org/springframework/boot/spring-boot-starter-json/3.2.4/spring-boot-starter-json-3.2.4.jar:/home/carson/.m2/repository/com/fasterxml/jackson/core/jackson-databind/2.15.4/jackson-databind-2.15.4.jar:/home/carson/.m2/repository/com/fasterxml/jackson/core/jackson-annotations/2.15.4/jackson-annotations-2.15.4.jar:/home/carson/.m2/repository/com/fasterxml/jackson/core/jackson-core/2.15.4/jackson-core-2.15.4.jar:/home/carson/.m2/repository/com/fasterxml/jackson/datatype/jackson-datatype-jdk8/2.15.4/jackson-datatype-jdk8-2.15.4.jar:/home/carson/.m2/repository/com/fasterxml/jackson/datatype/jackson-datatype-jsr310/2.15.4/jackson-datatype-jsr310-2.15.4.jar:/home/carson/.m2/repository/com/fasterxml/jackson/module/jackson-module-parameter-names/2.15.4/jackson-module-parameter-names-2.15.4.jar:/home/carson/.m2/repository/org/springframework/boot/spring-boot-starter-tomcat/3.2.4/spring-boot-starter-tomcat-3.2.4.jar:/home/carson/.m2/repository/org/apache/tomcat/embed/tomcat-embed-core/10.1.19/tomcat-embed-core-10.1.19.jar:/home/carson/.m2/repository/org/apache/tomcat/embed/tomcat-embed-websocket/10.1.19/tomcat-embed-websocket-10.1.19.jar:/home/carson/.m2/repository/org/springframework/spring-web/6.1.5/spring-web-6.1.5.jar:/home/carson/.m2/repository/io/micrometer/micrometer-observation/1.12.4/micrometer-observation-1.12.4.jar:/home/carson/.m2/repository/io/micrometer/micrometer-commons/1.12.4/micrometer-commons-1.12.4.jar:/home/carson/.m2/repository/org/springframework/spring-webmvc/6.1.5/spring-webmvc-6.1.5.jar:/home/carson/.m2/repository/org/springframework/spring-expression/6.1.5/spring-expression-6.1.5.jar:/home/carson/.m2/repository/org/springframework/boot/spring-boot-devtools/3.2.4/spring-boot-devtools-3.2.4.jar:/home/carson/.m2/repository/org/springframework/boot/spring-boot/3.2.4/spring-boot-3.2.4.jar:/home/carson/.m2/repository/org/springframework/boot/spring-boot-autoconfigure/3.2.4/spring-boot-autoconfigure-3.2.4.jar:/home/carson/.m2/repository/com/h2database/h2/2.2.224/h2-2.2.224.jar:/home/carson/.m2/repository/org/springframework/boot/spring-boot-starter-test/3.2.4/spring-boot-starter-test-3.2.4.jar:/home/carson/.m2/repository/org/springframework/boot/spring-boot-test/3.2.4/spring-boot-test-3.2.4.jar:/home/carson/.m2/repository/org/springframework/boot/spring-boot-test-autoconfigure/3.2.4/spring-boot-test-autoconfigure-3.2.4.jar:/home/carson/.m2/repository/com/jayway/jsonpath/json-path/2.9.0/json-path-2.9.0.jar:/home/carson/.m2/repository/jakarta/xml/bind/jakarta.xml.bind-api/4.0.2/jakarta.xml.bind-api-4.0.2.jar:/home/carson/.m2/repository/jakarta/activation/jakarta.activation-api/2.1.3/jakarta.activation-api-2.1.3.jar:/home/carson/.m2/repository/net/minidev/json-smart/2.5.0/json-smart-2.5.0.jar:/home/carson/.m2/repository/net/minidev/accessors-smart/2.5.0/accessors-smart-2.5.0.jar:/home/carson/.m2/repository/org/ow2/asm/asm/9.3/asm-9.3.jar:/home/carson/.m2/repository/org/assertj/assertj-core/3.24.2/assertj-core-3.24.2.jar:/home/carson/.m2/repository/org/awaitility/awaitility/4.2.0/awaitility-4.2.0.jar:/home/carson/.m2/repository/org/hamcrest/hamcrest/2.2/hamcrest-2.2.jar:/home/carson/.m2/repository/org/junit/jupiter/junit-jupiter/5.10.2/junit-jupiter-5.10.2.jar:/home/carson/.m2/repository/org/junit/jupiter/junit-jupiter-api/5.10.2/junit-jupiter-api-5.10.2.jar:/home/carson/.m2/repository/org/opentest4j/opentest4j/1.3.0/opentest4j-1.3.0.jar:/home/carson/.m2/repository/org/junit/platform/junit-platform-commons/1.10.2/junit-platform-commons-1.10.2.jar:/home/carson/.m2/repository/org/apiguardian/apiguardian-api/1.1.2/apiguardian-api-1.1.2.jar:/home/carson/.m2/repository/org/junit/jupiter/junit-jupiter-params/5.10.2/junit-jupiter-params-5.10.2.jar:/home/carson/.m2/repository/org/junit/jupiter/junit-jupiter-engine/5.10.2/junit-jupiter-engine-5.10.2.jar:/home/carson/.m2/repository/org/junit/platform/junit-platform-engine/1.10.2/junit-platform-engine-1.10.2.jar:/home/carson/.m2/repository/org/mockito/mockito-core/5.7.0/mockito-core-5.7.0.jar:/home/carson/.m2/repository/net/bytebuddy/byte-buddy-agent/1.14.12/byte-buddy-agent-1.14.12.jar:/home/carson/.m2/repository/org/objenesis/objenesis/3.3/objenesis-3.3.jar:/home/carson/.m2/repository/org/mockito/mockito-junit-jupiter/5.7.0/mockito-junit-jupiter-5.7.0.jar:/home/carson/.m2/repository/org/skyscreamer/jsonassert/1.5.1/jsonassert-1.5.1.jar:/home/carson/.m2/repository/com/vaadin/external/google/android-json/0.0.20131108.vaadin1/android-json-0.0.20131108.vaadin1.jar:/home/carson/.m2/repository/org/springframework/spring-core/6.1.5/spring-core-6.1.5.jar:/home/carson/.m2/repository/org/springframework/spring-jcl/6.1.5/spring-jcl-6.1.5.jar:/home/carson/.m2/repository/org/springframework/spring-test/6.1.5/spring-test-6.1.5.jar:/home/carson/.m2/repository/org/xmlunit/xmlunit-core/2.9.1/xmlunit-core-2.9.1.jar:/home/carson/.m2/repository/org/springframework/boot/spring-boot-starter-validation/3.2.5/spring-boot-starter-validation-3.2.5.jar:/home/carson/.m2/repository/org/apache/tomcat/embed/tomcat-embed-el/10.1.19/tomcat-embed-el-10.1.19.jar:/home/carson/.m2/repository/org/hibernate/validator/hibernate-validator/8.0.1.Final/hibernate-validator-8.0.1.Final.jar:/home/carson/.m2/repository/jakarta/validation/jakarta.validation-api/3.0.2/jakarta.validation-api-3.0.2.jar:/home/carson/.m2/repository/org/springframework/boot/spring-boot-starter-security/3.2.5/spring-boot-starter-security-3.2.5.jar:/home/carson/.m2/repository/org/springframework/spring-aop/6.1.5/spring-aop-6.1.5.jar:/home/carson/.m2/repository/org/springframework/security/spring-security-config/6.2.3/spring-security-config-6.2.3.jar:/home/carson/.m2/repository/org/springframework/security/spring-security-web/6.2.3/spring-security-web-6.2.3.jar:/home/carson/.m2/repository/org/springframework/boot/spring-boot-starter-oauth2-resource-server/3.2.4/spring-boot-starter-oauth2-resource-server-3.2.4.jar:/home/carson/.m2/repository/org/springframework/security/spring-security-core/6.2.3/spring-security-core-6.2.3.jar:/home/carson/.m2/repository/org/springframework/security/spring-security-crypto/6.2.3/spring-security-crypto-6.2.3.jar:/home/carson/.m2/repository/org/springframework/security/spring-security-oauth2-resource-server/6.2.3/spring-security-oauth2-resource-server-6.2.3.jar:/home/carson/.m2/repository/org/springframework/security/spring-security-oauth2-core/6.2.3/spring-security-oauth2-core-6.2.3.jar:/home/carson/.m2/repository/org/springframework/security/spring-security-oauth2-jose/6.2.3/spring-security-oauth2-jose-6.2.3.jar:/home/carson/.m2/repository/com/nimbusds/nimbus-jose-jwt/9.24.4/nimbus-jose-jwt-9.24.4.jar:/home/carson/.m2/repository/com/github/stephenc/jcip/jcip-annotations/1.0-1/jcip-annotations-1.0-1.jar:"/>
    <property name="sun.cpu.endian" value="little"/>
    <property name="user.home" value="/home/carson"/>
    <property name="user.language" value="en"/>
    <property name="java.specification.vendor" value="Oracle Corporation"/>
    <property name="java.version.date" value="2024-04-16"/>
    <property name="java.home" value="/home/carson/.jdks/openjdk-22.0.1"/>
    <property name="file.separator" value="/"/>
    <property name="basedir" value="/home/carson/IdeaProjects/monnig-meteorite-catalog"/>
    <property name="java.vm.compressedOopsMode" value="Zero based"/>
    <property name="line.separator" value="&#10;"/>
    <property name="java.specification.name" value="Java Platform API Specification"/>
    <property name="java.vm.specification.vendor" value="Oracle Corporation"/>
    <property name="FILE_LOG_CHARSET" value="UTF-8"/>
    <property name="java.awt.headless" value="true"/>
    <property name="surefire.real.class.path" value="/home/carson/IdeaProjects/monnig-meteorite-catalog/target/surefire/surefirebooter-20240501102726209_3.jar"/>
    <property name="sun.management.compiler" value="HotSpot 64-Bit Tiered Compilers"/>
    <property name="java.runtime.version" value="22.0.1+8-16"/>
    <property name="user.name" value="carson"/>
    <property name="stdout.encoding" value="UTF-8"/>
    <property name="path.separator" value=":"/>
    <property name="os.version" value="5.15.0-105-generic"/>
    <property name="java.runtime.name" value="OpenJDK Runtime Environment"/>
    <property name="file.encoding" value="UTF-8"/>
    <property name="java.vm.name" value="OpenJDK 64-Bit Server VM"/>
    <property name="localRepository" value="/home/carson/.m2/repository"/>
    <property name="java.vendor.url.bug" value="https://bugreport.java.com/bugreport/"/>
    <property name="java.io.tmpdir" value="/tmp"/>
    <property name="idea.version" value="2024.1"/>
    <property name="com.zaxxer.hikari.pool_number" value="2"/>
    <property name="java.version" value="22.0.1"/>
    <property name="user.dir" value="/home/carson/IdeaProjects/monnig-meteorite-catalog"/>
    <property name="os.arch" value="amd64"/>
    <property name="java.vm.specification.name" value="Java Virtual Machine Specification"/>
    <property name="PID" value="18779"/>
    <property name="CONSOLE_LOG_CHARSET" value="UTF-8"/>
    <property name="native.encoding" value="UTF-8"/>
    <property name="java.library.path" value="/usr/java/packages/lib:/usr/lib64:/lib64:/lib:/usr/lib"/>
    <property name="java.vm.info" value="mixed mode, sharing"/>
    <property name="stderr.encoding" value="UTF-8"/>
    <property name="java.vendor" value="Oracle Corporation"/>
    <property name="java.vm.version" value="22.0.1+8-16"/>
    <property name="sun.io.unicode.encoding" value="UnicodeLittle"/>
    <property name="java.class.version" value="66.0"/>
    <property name="LOGGED_APPLICATION_NAME" value="[monnig-meteorite-catalog] "/>
  </properties>
  <testcase name="contextLoads" classname="edu.tcu.cs.monnigmeteoritecatalog.MonnigMeteoriteCatalogApplicationTests" time="0.003">
    <system-out><![CDATA[&amp#27;[2m2024-05-01T10:27:33.686-05:00&amp#27;[0;39m &amp#27;[32m INFO&amp#27;[0;39m &amp#27;[35m18779&amp#27;[0;39m &amp#27;[2m---&amp#27;[0;39m &amp#27;[2m[monnig-meteorite-catalog] [           main]&amp#27;[0;39m &amp#27;[2m&amp#27;[0;39m&amp#27;[36mt.c.s.AnnotationConfigContextLoaderUtils&amp#27;[0;39m &amp#27;[2m:&amp#27;[0;39m Could not detect default configuration classes for test class [edu.tcu.cs.monnigmeteoritecatalog.MonnigMeteoriteCatalogApplicationTests]: MonnigMeteoriteCatalogApplicationTests does not declare any static, non-private, non-final, nested classes annotated with @Configuration.
&amp#27;[2m2024-05-01T10:27:33.693-05:00&amp#27;[0;39m &amp#27;[32m INFO&amp#27;[0;39m &amp#27;[35m18779&amp#27;[0;39m &amp#27;[2m---&amp#27;[0;39m &amp#27;[2m[monnig-meteorite-catalog] [           main]&amp#27;[0;39m &amp#27;[2m&amp#27;[0;39m&amp#27;[36m.b.t.c.SpringBootTestContextBootstrapper&amp#27;[0;39m &amp#27;[2m:&amp#27;[0;39m Found @SpringBootConfiguration edu.tcu.cs.monnigmeteoritecatalog.MonnigMeteoriteCatalogApplication for test class edu.tcu.cs.monnigmeteoritecatalog.MonnigMeteoriteCatalogApplicationTests
&amp#27;[2m2024-05-01T10:27:33.697-05:00&amp#27;[0;39m &amp#27;[32m INFO&amp#27;[0;39m &amp#27;[35m18779&amp#27;[0;39m &amp#27;[2m---&amp#27;[0;39m &amp#27;[2m[monnig-meteorite-catalog] [           main]&amp#27;[0;39m &amp#27;[2m&amp#27;[0;39m&amp#27;[36mo.s.b.d.r.RestartApplicationListener    &amp#27;[0;39m &amp#27;[2m:&amp#27;[0;39m Restart disabled due to context in which it is running

  .   ____          _            __ _ _
 /\\ / ___'_ __ _ _(_)_ __  __ _ \ \ \ \
( ( )\___ | '_ | '_| | '_ \/ _` | \ \ \ \
 \\/  ___)| |_)| | | | | || (_| |  ) ) ) )
  '  |____| .__|_| |_|_| |_\__, | / / / /
 =========|_|==============|___/=/_/_/_/
&amp#27;[32m :: Spring Boot :: &amp#27;[39m              &amp#27;[2m (v3.2.4)&amp#27;[0;39m

&amp#27;[2m2024-05-01T10:27:33.722-05:00&amp#27;[0;39m &amp#27;[32m INFO&amp#27;[0;39m &amp#27;[35m18779&amp#27;[0;39m &amp#27;[2m---&amp#27;[0;39m &amp#27;[2m[monnig-meteorite-catalog] [           main]&amp#27;[0;39m &amp#27;[2m&amp#27;[0;39m&amp#27;[36mm.MonnigMeteoriteCatalogApplicationTests&amp#27;[0;39m &amp#27;[2m:&amp#27;[0;39m Starting MonnigMeteoriteCatalogApplicationTests using Java 22.0.1 with PID 18779 (started by carson in /home/carson/IdeaProjects/monnig-meteorite-catalog)
&amp#27;[2m2024-05-01T10:27:33.722-05:00&amp#27;[0;39m &amp#27;[32m INFO&amp#27;[0;39m &amp#27;[35m18779&amp#27;[0;39m &amp#27;[2m---&amp#27;[0;39m &amp#27;[2m[monnig-meteorite-catalog] [           main]&amp#27;[0;39m &amp#27;[2m&amp#27;[0;39m&amp#27;[36mm.MonnigMeteoriteCatalogApplicationTests&amp#27;[0;39m &amp#27;[2m:&amp#27;[0;39m No active profile set, falling back to 1 default profile: "default"
&amp#27;[2m2024-05-01T10:27:33.889-05:00&amp#27;[0;39m &amp#27;[32m INFO&amp#27;[0;39m &amp#27;[35m18779&amp#27;[0;39m &amp#27;[2m---&amp#27;[0;39m &amp#27;[2m[monnig-meteorite-catalog] [           main]&amp#27;[0;39m &amp#27;[2m&amp#27;[0;39m&amp#27;[36m.s.d.r.c.RepositoryConfigurationDelegate&amp#27;[0;39m &amp#27;[2m:&amp#27;[0;39m Bootstrapping Spring Data JPA repositories in DEFAULT mode.
&amp#27;[2m2024-05-01T10:27:33.898-05:00&amp#27;[0;39m &amp#27;[32m INFO&amp#27;[0;39m &amp#27;[35m18779&amp#27;[0;39m &amp#27;[2m---&amp#27;[0;39m &amp#27;[2m[monnig-meteorite-catalog] [           main]&amp#27;[0;39m &amp#27;[2m&amp#27;[0;39m&amp#27;[36m.s.d.r.c.RepositoryConfigurationDelegate&amp#27;[0;39m &amp#27;[2m:&amp#27;[0;39m Finished Spring Data repository scanning in 8 ms. Found 4 JPA repository interfaces.
&amp#27;[2m2024-05-01T10:27:34.013-05:00&amp#27;[0;39m &amp#27;[32m INFO&amp#27;[0;39m &amp#27;[35m18779&amp#27;[0;39m &amp#27;[2m---&amp#27;[0;39m &amp#27;[2m[monnig-meteorite-catalog] [           main]&amp#27;[0;39m &amp#27;[2m&amp#27;[0;39m&amp#27;[36mcom.zaxxer.hikari.HikariDataSource      &amp#27;[0;39m &amp#27;[2m:&amp#27;[0;39m HikariPool-2 - Starting...
&amp#27;[2m2024-05-01T10:27:34.014-05:00&amp#27;[0;39m &amp#27;[32m INFO&amp#27;[0;39m &amp#27;[35m18779&amp#27;[0;39m &amp#27;[2m---&amp#27;[0;39m &amp#27;[2m[monnig-meteorite-catalog] [           main]&amp#27;[0;39m &amp#27;[2m&amp#27;[0;39m&amp#27;[36mcom.zaxxer.hikari.pool.HikariPool       &amp#27;[0;39m &amp#27;[2m:&amp#27;[0;39m HikariPool-2 - Added connection conn10: url=jdbc:h2:mem:monnig user=SA
&amp#27;[2m2024-05-01T10:27:34.014-05:00&amp#27;[0;39m &amp#27;[32m INFO&amp#27;[0;39m &amp#27;[35m18779&amp#27;[0;39m &amp#27;[2m---&amp#27;[0;39m &amp#27;[2m[monnig-meteorite-catalog] [           main]&amp#27;[0;39m &amp#27;[2m&amp#27;[0;39m&amp#27;[36mcom.zaxxer.hikari.HikariDataSource      &amp#27;[0;39m &amp#27;[2m:&amp#27;[0;39m HikariPool-2 - Start completed.
&amp#27;[2m2024-05-01T10:27:34.015-05:00&amp#27;[0;39m &amp#27;[32m INFO&amp#27;[0;39m &amp#27;[35m18779&amp#27;[0;39m &amp#27;[2m---&amp#27;[0;39m &amp#27;[2m[monnig-meteorite-catalog] [           main]&amp#27;[0;39m &amp#27;[2m&amp#27;[0;39m&amp#27;[36mo.hibernate.jpa.internal.util.LogHelper &amp#27;[0;39m &amp#27;[2m:&amp#27;[0;39m HHH000204: Processing PersistenceUnitInfo [name: default]
&amp#27;[2m2024-05-01T10:27:34.017-05:00&amp#27;[0;39m &amp#27;[32m INFO&amp#27;[0;39m &amp#27;[35m18779&amp#27;[0;39m &amp#27;[2m---&amp#27;[0;39m &amp#27;[2m[monnig-meteorite-catalog] [           main]&amp#27;[0;39m &amp#27;[2m&amp#27;[0;39m&amp#27;[36mo.h.c.internal.RegionFactoryInitiator   &amp#27;[0;39m &amp#27;[2m:&amp#27;[0;39m HHH000026: Second-level cache disabled
&amp#27;[2m2024-05-01T10:27:34.020-05:00&amp#27;[0;39m &amp#27;[32m INFO&amp#27;[0;39m &amp#27;[35m18779&amp#27;[0;39m &amp#27;[2m---&amp#27;[0;39m &amp#27;[2m[monnig-meteorite-catalog] [           main]&amp#27;[0;39m &amp#27;[2m&amp#27;[0;39m&amp#27;[36mo.s.o.j.p.SpringPersistenceUnitInfo     &amp#27;[0;39m &amp#27;[2m:&amp#27;[0;39m No LoadTimeWeaver setup: ignoring JPA class transformer
&amp#27;[2m2024-05-01T10:27:34.148-05:00&amp#27;[0;39m &amp#27;[32m INFO&amp#27;[0;39m &amp#27;[35m18779&amp#27;[0;39m &amp#27;[2m---&amp#27;[0;39m &amp#27;[2m[monnig-meteorite-catalog] [           main]&amp#27;[0;39m &amp#27;[2m&amp#27;[0;39m&amp#27;[36mo.h.e.t.j.p.i.JtaPlatformInitiator      &amp#27;[0;39m &amp#27;[2m:&amp#27;[0;39m HHH000489: No JTA platform available (set 'hibernate.transaction.jta.platform' to enable JTA platform integration)
Hibernate: drop table if exists entry cascade 
Hibernate: drop table if exists loan cascade 
Hibernate: drop table if exists loan_samples_on_loan cascade 
Hibernate: drop table if exists monnig_user cascade 
Hibernate: drop table if exists sample cascade 
Hibernate: drop table if exists sample_images cascade 
Hibernate: drop sequence if exists monnig_user_seq
Hibernate: create sequence monnig_user_seq start with 1 increment by 50
Hibernate: create table entry (category varchar(255), date varchar(255), entry_id varchar(255) not null, notes varchar(255), sample_sample_id varchar(255), primary key (entry_id))
Hibernate: create table loan (is_archived boolean not null, loan_due_date varchar(255), loan_id varchar(255) not null, loan_notes varchar(255), loan_start_date varchar(255), loanee_address varchar(255), loanee_email varchar(255), loanee_institution varchar(255), loanee_name varchar(255), primary key (loan_id))
Hibernate: create table loan_samples_on_loan (loan_loan_id varchar(255) not null, samples_on_loan varchar(255))
Hibernate: create table monnig_user (enabled boolean not null, id integer not null, password varchar(255), roles varchar(255), username varchar(255), primary key (id))
Hibernate: create table sample (is_educational boolean not null, is_repository boolean not null, sample_weight_g float(24) not null, total_known_weight_num float(24) not null, additional_class_info varchar(255), clan varchar(255), country varchar(255), date_found_day varchar(255), date_found_hour varchar(255), date_found_month varchar(255), date_found_year varchar(255), external_resources varchar(255), found_info varchar(255), loan_loan_id varchar(255), location varchar(255), monnig_number varchar(255), name varchar(255), sample_class varchar(255), sample_format varchar(255), sample_group varchar(255), sample_id varchar(255) not null, total_know_weight_units varchar(255), type varchar(255), primary key (sample_id))
Hibernate: create table sample_images (images varbinary(255), sample_sample_id varchar(255) not null)
Hibernate: alter table if exists entry add constraint FKj0q9d044vignts1ke1sjm9hj foreign key (sample_sample_id) references sample
Hibernate: alter table if exists loan_samples_on_loan add constraint FK2xlatk0btwg48qygko0pjn0b5 foreign key (loan_loan_id) references loan
Hibernate: alter table if exists sample add constraint FKl03h0qiv9je1bwaprxngfxuva foreign key (loan_loan_id) references loan
Hibernate: alter table if exists sample_images add constraint FKhe6meyou3mjsukuwn1f7ik13u foreign key (sample_sample_id) references sample
&amp#27;[2m2024-05-01T10:27:34.167-05:00&amp#27;[0;39m &amp#27;[32m INFO&amp#27;[0;39m &amp#27;[35m18779&amp#27;[0;39m &amp#27;[2m---&amp#27;[0;39m &amp#27;[2m[monnig-meteorite-catalog] [           main]&amp#27;[0;39m &amp#27;[2m&amp#27;[0;39m&amp#27;[36mj.LocalContainerEntityManagerFactoryBean&amp#27;[0;39m &amp#27;[2m:&amp#27;[0;39m Initialized JPA EntityManagerFactory for persistence unit 'default'
&amp#27;[2m2024-05-01T10:27:34.303-05:00&amp#27;[0;39m &amp#27;[33m WARN&amp#27;[0;39m &amp#27;[35m18779&amp#27;[0;39m &amp#27;[2m---&amp#27;[0;39m &amp#27;[2m[monnig-meteorite-catalog] [           main]&amp#27;[0;39m &amp#27;[2m&amp#27;[0;39m&amp#27;[36mJpaBaseConfiguration$JpaWebConfiguration&amp#27;[0;39m &amp#27;[2m:&amp#27;[0;39m spring.jpa.open-in-view is enabled by default. Therefore, database queries may be performed during view rendering. Explicitly configure spring.jpa.open-in-view to disable this warning
&amp#27;[2m2024-05-01T10:27:34.546-05:00&amp#27;[0;39m &amp#27;[32m INFO&amp#27;[0;39m &amp#27;[35m18779&amp#27;[0;39m &amp#27;[2m---&amp#27;[0;39m &amp#27;[2m[monnig-meteorite-catalog] [           main]&amp#27;[0;39m &amp#27;[2m&amp#27;[0;39m&amp#27;[36mo.s.s.web.DefaultSecurityFilterChain    &amp#27;[0;39m &amp#27;[2m:&amp#27;[0;39m Will secure any request with [org.springframework.security.web.session.DisableEncodeUrlFilter@485fe2cd, org.springframework.security.web.context.request.async.WebAsyncManagerIntegrationFilter@4a645ebb, org.springframework.security.web.context.SecurityContextHolderFilter@17d745ae, org.springframework.web.filter.CorsFilter@56eb8c30, org.springframework.security.web.authentication.logout.LogoutFilter@1bebe505, org.springframework.security.oauth2.server.resource.web.authentication.BearerTokenAuthenticationFilter@61902ae5, org.springframework.security.web.authentication.www.BasicAuthenticationFilter@2517308f, org.springframework.security.web.savedrequest.RequestCacheAwareFilter@787aa9f1, org.springframework.security.web.servletapi.SecurityContextHolderAwareRequestFilter@5d63295e, org.springframework.security.web.authentication.AnonymousAuthenticationFilter@364c430a, org.springframework.security.web.session.SessionManagementFilter@4e24b201, org.springframework.security.web.access.ExceptionTranslationFilter@e4bb03, org.springframework.security.web.access.intercept.AuthorizationFilter@721e04f1]
&amp#27;[2m2024-05-01T10:27:34.617-05:00&amp#27;[0;39m &amp#27;[32m INFO&amp#27;[0;39m &amp#27;[35m18779&amp#27;[0;39m &amp#27;[2m---&amp#27;[0;39m &amp#27;[2m[monnig-meteorite-catalog] [           main]&amp#27;[0;39m &amp#27;[2m&amp#27;[0;39m&amp#27;[36mm.MonnigMeteoriteCatalogApplicationTests&amp#27;[0;39m &amp#27;[2m:&amp#27;[0;39m Started MonnigMeteoriteCatalogApplicationTests in 0.921 seconds (process running for 8.345)
Hibernate: select s1_0.sample_id,s1_0.additional_class_info,s1_0.clan,s1_0.country,s1_0.date_found_day,s1_0.date_found_hour,s1_0.date_found_month,s1_0.date_found_year,s1_0.external_resources,s1_0.found_info,s1_0.is_educational,s1_0.is_repository,l1_0.loan_id,l1_0.is_archived,l1_0.loan_due_date,l1_0.loan_notes,l1_0.loan_start_date,l1_0.loanee_address,l1_0.loanee_email,l1_0.loanee_institution,l1_0.loanee_name,s1_0.location,s1_0.monnig_number,s1_0.name,s1_0.sample_class,s1_0.sample_format,s1_0.sample_group,s1_0.sample_weight_g,s1_0.total_know_weight_units,s1_0.total_known_weight_num,s1_0.type,s2_0.sample_sample_id,s2_0.entry_id,s2_0.category,s2_0.date,s2_0.notes from sample s1_0 left join loan l1_0 on l1_0.loan_id=s1_0.loan_loan_id left join entry s2_0 on s1_0.sample_id=s2_0.sample_sample_id where s1_0.sample_id=?
Hibernate: select e1_0.entry_id,e1_0.category,e1_0.date,e1_0.notes,s1_0.sample_id,s1_0.additional_class_info,s1_0.clan,s1_0.country,s1_0.date_found_day,s1_0.date_found_hour,s1_0.date_found_month,s1_0.date_found_year,s1_0.external_resources,s1_0.found_info,s1_0.is_educational,s1_0.is_repository,l1_0.loan_id,l1_0.is_archived,l1_0.loan_due_date,l1_0.loan_notes,l1_0.loan_start_date,l1_0.loanee_address,l1_0.loanee_email,l1_0.loanee_institution,l1_0.loanee_name,s1_0.location,s1_0.monnig_number,s1_0.name,s1_0.sample_class,s1_0.sample_format,s1_0.sample_group,s1_0.sample_weight_g,s1_0.total_know_weight_units,s1_0.total_known_weight_num,s1_0.type from entry e1_0 left join sample s1_0 on s1_0.sample_id=e1_0.sample_sample_id left join loan l1_0 on l1_0.loan_id=s1_0.loan_loan_id where e1_0.entry_id=?
Hibernate: insert into sample (additional_class_info,clan,country,date_found_day,date_found_hour,date_found_month,date_found_year,external_resources,found_info,is_educational,is_repository,loan_loan_id,location,monnig_number,name,sample_class,sample_format,sample_group,sample_weight_g,total_know_weight_units,total_known_weight_num,type,sample_id) values (?,?,?,?,?,?,?,?,?,?,?,?,?,?,?,?,?,?,?,?,?,?,?)
Hibernate: insert into entry (category,date,notes,sample_sample_id,entry_id) values (?,?,?,?,?)
Hibernate: select s1_0.sample_id,s1_0.additional_class_info,s1_0.clan,s1_0.country,s1_0.date_found_day,s1_0.date_found_hour,s1_0.date_found_month,s1_0.date_found_year,s1_0.external_resources,s1_0.found_info,s1_0.is_educational,s1_0.is_repository,l1_0.loan_id,l1_0.is_archived,l1_0.loan_due_date,l1_0.loan_notes,l1_0.loan_start_date,l1_0.loanee_address,l1_0.loanee_email,l1_0.loanee_institution,l1_0.loanee_name,s1_0.location,s1_0.monnig_number,s1_0.name,s1_0.sample_class,s1_0.sample_format,s1_0.sample_group,s1_0.sample_weight_g,s1_0.total_know_weight_units,s1_0.total_known_weight_num,s1_0.type,s2_0.sample_sample_id,s2_0.entry_id,s2_0.category,s2_0.date,s2_0.notes from sample s1_0 left join loan l1_0 on l1_0.loan_id=s1_0.loan_loan_id left join entry s2_0 on s1_0.sample_id=s2_0.sample_sample_id where s1_0.sample_id=?
Hibernate: select e1_0.entry_id,e1_0.category,e1_0.date,e1_0.notes,s1_0.sample_id,s1_0.additional_class_info,s1_0.clan,s1_0.country,s1_0.date_found_day,s1_0.date_found_hour,s1_0.date_found_month,s1_0.date_found_year,s1_0.external_resources,s1_0.found_info,s1_0.is_educational,s1_0.is_repository,l1_0.loan_id,l1_0.is_archived,l1_0.loan_due_date,l1_0.loan_notes,l1_0.loan_start_date,l1_0.loanee_address,l1_0.loanee_email,l1_0.loanee_institution,l1_0.loanee_name,s1_0.location,s1_0.monnig_number,s1_0.name,s1_0.sample_class,s1_0.sample_format,s1_0.sample_group,s1_0.sample_weight_g,s1_0.total_know_weight_units,s1_0.total_known_weight_num,s1_0.type from entry e1_0 left join sample s1_0 on s1_0.sample_id=e1_0.sample_sample_id left join loan l1_0 on l1_0.loan_id=s1_0.loan_loan_id where e1_0.entry_id=?
Hibernate: insert into sample (additional_class_info,clan,country,date_found_day,date_found_hour,date_found_month,date_found_year,external_resources,found_info,is_educational,is_repository,loan_loan_id,location,monnig_number,name,sample_class,sample_format,sample_group,sample_weight_g,total_know_weight_units,total_known_weight_num,type,sample_id) values (?,?,?,?,?,?,?,?,?,?,?,?,?,?,?,?,?,?,?,?,?,?,?)
Hibernate: insert into entry (category,date,notes,sample_sample_id,entry_id) values (?,?,?,?,?)
Hibernate: select l1_0.loan_id,l1_0.is_archived,l1_0.loan_due_date,l1_0.loan_notes,l1_0.loan_start_date,l1_0.loanee_address,l1_0.loanee_email,l1_0.loanee_institution,l1_0.loanee_name from loan l1_0 where l1_0.loan_id=?
Hibernate: insert into loan (is_archived,loan_due_date,loan_notes,loan_start_date,loanee_address,loanee_email,loanee_institution,loanee_name,loan_id) values (?,?,?,?,?,?,?,?,?)
Hibernate: select l1_0.loan_id,l1_0.is_archived,l1_0.loan_due_date,l1_0.loan_notes,l1_0.loan_start_date,l1_0.loanee_address,l1_0.loanee_email,l1_0.loanee_institution,l1_0.loanee_name from loan l1_0 where l1_0.loan_id=?
Hibernate: insert into loan (is_archived,loan_due_date,loan_notes,loan_start_date,loanee_address,loanee_email,loanee_institution,loanee_name,loan_id) values (?,?,?,?,?,?,?,?,?)
Hibernate: select next value for monnig_user_seq
Hibernate: insert into monnig_user (enabled,password,roles,username,id) values (?,?,?,?,?)
Hibernate: select next value for monnig_user_seq
Hibernate: insert into monnig_user (enabled,password,roles,username,id) values (?,?,?,?,?)
]]></system-out>
  </testcase>
</testsuite>